#
# There is insufficient memory for the Java Runtime Environment to continue.
# Native memory allocation (mmap) failed to map 232783872 bytes for Failed to commit area from 0x0000000096e00000 to 0x00000000a4c00000 of length 232783872.
# Possible reasons:
#   The system is out of physical RAM or swap space
#   The process is running with CompressedOops enabled, and the Java Heap may be blocking the growth of the native heap
# Possible solutions:
#   Reduce memory load on the system
#   Increase physical memory or swap space
#   Check if swap backing store is full
#   Decrease Java heap size (-Xmx/-Xms)
#   Decrease number of Java threads
#   Decrease Java thread stack sizes (-Xss)
#   Set larger code cache with -XX:ReservedCodeCacheSize=
#   JVM is running with Unscaled Compressed Oops mode in which the Java heap is
#     placed in the first 4GB address space. The Java Heap base address is the
#     maximum limit for the native heap growth. Please use -XX:HeapBaseMinAddress
#     to set the Java Heap base and to place the Java Heap above 4GB virtual address.
# This output file may be truncated or incomplete.
#
#  Out of Memory Error (./src/hotspot/os/windows/os_windows.cpp:3619), pid=21664, tid=11368
#
# JRE version: OpenJDK Runtime Environment (11.0.13) (build 11.0.13+0-b1751.21-8125866)
# Java VM: OpenJDK 64-Bit Server VM (11.0.13+0-b1751.21-8125866, mixed mode, tiered, compressed oops, g1 gc, windows-amd64)
# No core dump will be written. Minidumps are not enabled by default on client versions of Windows
#

---------------  S U M M A R Y ------------

Command Line: --add-opens=java.base/java.util=ALL-UNNAMED --add-opens=java.base/java.lang=ALL-UNNAMED --add-opens=java.base/java.lang.invoke=ALL-UNNAMED --add-opens=java.prefs/java.util.prefs=ALL-UNNAMED -Xmx2048m -Dfile.encoding=windows-1252 -Duser.country=US -Duser.language=en -Duser.variant org.gradle.launcher.daemon.bootstrap.GradleDaemon 6.1.1

Host: Intel(R) Core(TM) i7-8750H CPU @ 2.20GHz, 12 cores, 15G,  Windows 10 , 64 bit Build 19041 (10.0.19041.2364)
Time: Thu Dec 22 19:38:51 2022 GTB Standard Time elapsed time: 17.078166 seconds (0d 0h 0m 17s)

---------------  T H R E A D  ---------------

Current thread (0x000002887d4d8800):  VMThread "VM Thread" [stack: 0x000000f1f0100000,0x000000f1f0200000] [id=11368]

Stack: [0x000000f1f0100000,0x000000f1f0200000]
[error occurred during error reporting (printing stack bounds), id 0xc0000005, EXCEPTION_ACCESS_VIOLATION (0xc0000005) at pc=0x000002880000112d]

Native frames: (J=compiled Java code, j=interpreted, Vv=VM code, C=native code)
V  [jvm.dll+0x6100fa]
V  [jvm.dll+0x747090]
V  [jvm.dll+0x7486ad]
V  [jvm.dll+0x748ce5]
V  [jvm.dll+0x748c9b]
V  [jvm.dll+0x60f224]
V  [jvm.dll+0x60f9b8]
C  [ntdll.dll+0xa241f]
C  [ntdll.dll+0x514a4]
C  [ntdll.dll+0xa0f4e]
C  0x000002880000112d

VM_Operation (0x000000f1f3df95f0): G1CollectForAllocation, mode: safepoint, requested by thread 0x00000288120e9800


---------------  P R O C E S S  ---------------

Threads class SMR info:
_java_thread_list=0x0000028814119c10, length=62, elements={
0x000002887135e800, 0x000002887d4da800, 0x000002887d4e3800, 0x000002887d53e000,
0x000002887d542000, 0x000002887d545000, 0x000002887d549000, 0x000002887d54a000,
0x000002887d54b000, 0x000002887d6e7800, 0x000002887e64f800, 0x000002887da03000,
0x000002887ea05000, 0x000002887f03a800, 0x000002887f03b800, 0x000002880f52a800,
0x000002887e4c9800, 0x000002887f019000, 0x000002887f01a000, 0x000002880f500800,
0x000002880f501800, 0x000002880f502000, 0x000002880f4ff800, 0x000002880f4fc800,
0x000002880f4fd000, 0x000002880f4fe000, 0x000002880f503000, 0x000002880f4ff000,
0x00000288120e2000, 0x00000288120e1800, 0x00000288120e4000, 0x00000288120e3000,
0x00000288120df000, 0x00000288120e5800, 0x00000288120e0000, 0x00000288120e6800,
0x00000288120e0800, 0x00000288120e7000, 0x00000288120ec000, 0x00000288120ed000,
0x00000288120ea800, 0x00000288120eb000, 0x00000288120e8000, 0x00000288120e9000,
0x00000288120ed800, 0x00000288120e9800, 0x000002880fb65000, 0x000002880fb67800,
0x000002880fb68800, 0x000002880fb6a000, 0x000002880fb69000, 0x000002880fb64800,
0x000002880fb66800, 0x000002880fb6b000, 0x000002880fb6b800, 0x000002880fb66000,
0x0000028812114000, 0x000002880fb70800, 0x000002880fb6e000, 0x00000288140cc800,
0x000002880fb6f000, 0x000002880fb71800
}

Java Threads: ( => current thread )
  0x000002887135e800 JavaThread "main" [_thread_blocked, id=16540, stack(0x000000f1efb00000,0x000000f1efc00000)]
  0x000002887d4da800 JavaThread "Reference Handler" daemon [_thread_blocked, id=3148, stack(0x000000f1f0200000,0x000000f1f0300000)]
  0x000002887d4e3800 JavaThread "Finalizer" daemon [_thread_blocked, id=14504, stack(0x000000f1f0300000,0x000000f1f0400000)]
  0x000002887d53e000 JavaThread "Signal Dispatcher" daemon [_thread_blocked, id=14056, stack(0x000000f1f0400000,0x000000f1f0500000)]
  0x000002887d542000 JavaThread "Attach Listener" daemon [_thread_blocked, id=14168, stack(0x000000f1f0500000,0x000000f1f0600000)]
  0x000002887d545000 JavaThread "Service Thread" daemon [_thread_blocked, id=15632, stack(0x000000f1f0600000,0x000000f1f0700000)]
  0x000002887d549000 JavaThread "C2 CompilerThread0" daemon [_thread_blocked, id=2532, stack(0x000000f1f0700000,0x000000f1f0800000)]
  0x000002887d54a000 JavaThread "C1 CompilerThread0" daemon [_thread_blocked, id=14980, stack(0x000000f1f0800000,0x000000f1f0900000)]
  0x000002887d54b000 JavaThread "Sweeper thread" daemon [_thread_blocked, id=23140, stack(0x000000f1f0900000,0x000000f1f0a00000)]
  0x000002887d6e7800 JavaThread "Common-Cleaner" daemon [_thread_blocked, id=14908, stack(0x000000f1f0a00000,0x000000f1f0b00000)]
  0x000002887e64f800 JavaThread "Daemon health stats" [_thread_blocked, id=17440, stack(0x000000f1f1200000,0x000000f1f1300000)]
  0x000002887da03000 JavaThread "Incoming local TCP Connector on port 55569" [_thread_in_native, id=4892, stack(0x000000f1f0c00000,0x000000f1f0d00000)]
  0x000002887ea05000 JavaThread "Daemon periodic checks" [_thread_blocked, id=18396, stack(0x000000f1f1300000,0x000000f1f1400000)]
  0x000002887f03a800 JavaThread "Daemon" [_thread_blocked, id=16108, stack(0x000000f1f1400000,0x000000f1f1500000)]
  0x000002887f03b800 JavaThread "Handler for socket connection from /127.0.0.1:55569 to /127.0.0.1:55570" [_thread_in_native, id=19428, stack(0x000000f1f1500000,0x000000f1f1600000)]
  0x000002880f52a800 JavaThread "Cancel handler" [_thread_blocked, id=3624, stack(0x000000f1f1600000,0x000000f1f1700000)]
  0x000002887e4c9800 JavaThread "Daemon worker" [_thread_blocked, id=6152, stack(0x000000f1f1700000,0x000000f1f1800000)]
  0x000002887f019000 JavaThread "Asynchronous log dispatcher for DefaultDaemonConnection: socket connection from /127.0.0.1:55569 to /127.0.0.1:55570" [_thread_blocked, id=3036, stack(0x000000f1f1800000,0x000000f1f1900000)]
  0x000002887f01a000 JavaThread "Stdin handler" [_thread_blocked, id=18032, stack(0x000000f1f1900000,0x000000f1f1a00000)]
  0x000002880f500800 JavaThread "Thread-8" [_thread_blocked, id=10188, stack(0x000000f1f1a00000,0x000000f1f1b00000)]
  0x000002880f501800 JavaThread "Cache worker for journal cache (C:\Users\attil\.gradle\caches\journal-1)" [_thread_blocked, id=16760, stack(0x000000f1f1b00000,0x000000f1f1c00000)]
  0x000002880f502000 JavaThread "File lock request listener" [_thread_in_native, id=18688, stack(0x000000f1f1c00000,0x000000f1f1d00000)]
  0x000002880f4ff800 JavaThread "Cache worker for file hash cache (C:\Users\attil\.gradle\caches\6.1.1\fileHashes)" [_thread_blocked, id=19960, stack(0x000000f1f1d00000,0x000000f1f1e00000)]
  0x000002880f4fc800 JavaThread "Cache worker for checksums cache (E:\egyetem IV\gyakok\andoid3\andoid_app\android-project-example-develop\.gradle\checksums)" [_thread_blocked, id=22952, stack(0x000000f1f2600000,0x000000f1f2700000)]
  0x000002880f4fd000 JavaThread "Cache worker for file hash cache (E:\egyetem IV\gyakok\andoid3\andoid_app\android-project-example-develop\.gradle\6.1.1\fileHashes)" [_thread_blocked, id=22080, stack(0x000000f1f2700000,0x000000f1f2800000)]
  0x000002880f4fe000 JavaThread "Cache worker for cache directory md-supplier (C:\Users\attil\.gradle\caches\6.1.1\md-supplier)" [_thread_blocked, id=1632, stack(0x000000f1f2800000,0x000000f1f2900000)]
  0x000002880f503000 JavaThread "Cache worker for cache directory md-rule (C:\Users\attil\.gradle\caches\6.1.1\md-rule)" [_thread_blocked, id=22920, stack(0x000000f1f2900000,0x000000f1f2a00000)]
  0x000002880f4ff000 JavaThread "Cache worker for execution history cache (C:\Users\attil\.gradle\caches\6.1.1\executionHistory)" [_thread_blocked, id=3860, stack(0x000000f1f2a00000,0x000000f1f2b00000)]
  0x00000288120e2000 JavaThread "Build operations" [_thread_blocked, id=21856, stack(0x000000f1f2b00000,0x000000f1f2c00000)]
  0x00000288120e1800 JavaThread "Build operations Thread 2" [_thread_blocked, id=15572, stack(0x000000f1f2c00000,0x000000f1f2d00000)]
  0x00000288120e4000 JavaThread "Build operations Thread 3" [_thread_blocked, id=19552, stack(0x000000f1f2d00000,0x000000f1f2e00000)]
  0x00000288120e3000 JavaThread "Build operations Thread 4" [_thread_blocked, id=1976, stack(0x000000f1f2e00000,0x000000f1f2f00000)]
  0x00000288120df000 JavaThread "Build operations Thread 5" [_thread_blocked, id=14080, stack(0x000000f1f2f00000,0x000000f1f3000000)]
  0x00000288120e5800 JavaThread "Build operations Thread 6" [_thread_blocked, id=6216, stack(0x000000f1f3000000,0x000000f1f3100000)]
  0x00000288120e0000 JavaThread "Build operations Thread 7" [_thread_blocked, id=16464, stack(0x000000f1f3100000,0x000000f1f3200000)]
  0x00000288120e6800 JavaThread "Build operations Thread 8" [_thread_blocked, id=2216, stack(0x000000f1f3200000,0x000000f1f3300000)]
  0x00000288120e0800 JavaThread "Build operations Thread 9" [_thread_blocked, id=21388, stack(0x000000f1f3300000,0x000000f1f3400000)]
  0x00000288120e7000 JavaThread "Build operations Thread 10" [_thread_blocked, id=10004, stack(0x000000f1f3400000,0x000000f1f3500000)]
  0x00000288120ec000 JavaThread "Build operations Thread 11" [_thread_blocked, id=22660, stack(0x000000f1f3500000,0x000000f1f3600000)]
  0x00000288120ed000 JavaThread "Build operations Thread 12" [_thread_blocked, id=21168, stack(0x000000f1f3600000,0x000000f1f3700000)]
  0x00000288120ea800 JavaThread "Cache worker for Build Output Cleanup Cache (E:\egyetem IV\gyakok\andoid3\andoid_app\android-project-example-develop\.gradle\buildOutputCleanup)" [_thread_blocked, id=2236, stack(0x000000f1f3700000,0x000000f1f3800000)]
  0x00000288120eb000 JavaThread "Memory manager" [_thread_blocked, id=22964, stack(0x000000f1f3900000,0x000000f1f3a00000)]
  0x00000288120e8000 JavaThread "Cache worker for file content cache (C:\Users\attil\.gradle\caches\6.1.1\fileContent)" [_thread_blocked, id=22088, stack(0x000000f1f3a00000,0x000000f1f3b00000)]
  0x00000288120e9000 JavaThread "Cache worker for file content cache (E:\egyetem IV\gyakok\andoid3\andoid_app\android-project-example-develop\.gradle\6.1.1\fileContent)" [_thread_blocked, id=1004, stack(0x000000f1f3b00000,0x000000f1f3c00000)]
  0x00000288120ed800 JavaThread "Execution worker for ':'" [_thread_blocked, id=21776, stack(0x000000f1f3c00000,0x000000f1f3d00000)]
  0x00000288120e9800 JavaThread "Execution worker for ':' Thread 2" [_thread_blocked, id=11556, stack(0x000000f1f3d00000,0x000000f1f3e00000)]
  0x000002880fb65000 JavaThread "Execution worker for ':' Thread 3" [_thread_blocked, id=7488, stack(0x000000f1f3e00000,0x000000f1f3f00000)]
  0x000002880fb67800 JavaThread "Execution worker for ':' Thread 4" [_thread_blocked, id=7692, stack(0x000000f1f3f00000,0x000000f1f4000000)]
  0x000002880fb68800 JavaThread "Execution worker for ':' Thread 5" [_thread_blocked, id=15300, stack(0x000000f1f4000000,0x000000f1f4100000)]
  0x000002880fb6a000 JavaThread "Execution worker for ':' Thread 6" [_thread_blocked, id=356, stack(0x000000f1f4100000,0x000000f1f4200000)]
  0x000002880fb69000 JavaThread "Execution worker for ':' Thread 7" [_thread_blocked, id=2808, stack(0x000000f1f4200000,0x000000f1f4300000)]
  0x000002880fb64800 JavaThread "Execution worker for ':' Thread 8" [_thread_blocked, id=13664, stack(0x000000f1f4300000,0x000000f1f4400000)]
  0x000002880fb66800 JavaThread "Execution worker for ':' Thread 9" [_thread_blocked, id=14308, stack(0x000000f1f4400000,0x000000f1f4500000)]
  0x000002880fb6b000 JavaThread "Execution worker for ':' Thread 10" [_thread_blocked, id=18872, stack(0x000000f1f4500000,0x000000f1f4600000)]
  0x000002880fb6b800 JavaThread "Execution worker for ':' Thread 11" [_thread_blocked, id=5892, stack(0x000000f1f4600000,0x000000f1f4700000)]
  0x000002880fb66000 JavaThread "Cache worker for execution history cache (E:\egyetem IV\gyakok\andoid3\andoid_app\android-project-example-develop\.gradle\6.1.1\executionHistory)" [_thread_blocked, id=3248, stack(0x000000f1f4700000,0x000000f1f4800000)]
  0x0000028812114000 JavaThread "C2 CompilerThread1" daemon [_thread_blocked, id=15192, stack(0x000000f1f2400000,0x000000f1f2500000)]
  0x000002880fb70800 JavaThread "WorkerExecutor Queue" [_thread_blocked, id=16204, stack(0x000000f1f2500000,0x000000f1f2600000)]
  0x000002880fb6e000 JavaThread "pool-2-thread-1" [_thread_blocked, id=21816, stack(0x000000f1f4900000,0x000000f1f4a00000)]
  0x00000288140cc800 JavaThread "C2 CompilerThread2" daemon [_thread_in_native, id=2016, stack(0x000000f1f4a00000,0x000000f1f4b00000)]
  0x000002880fb6f000 JavaThread "stderr" [_thread_in_native, id=8040, stack(0x000000f1f4b00000,0x000000f1f4c00000)]
  0x000002880fb71800 JavaThread "stdout" [_thread_in_native, id=21408, stack(0x000000f1f4c00000,0x000000f1f4d00000)]

Other Threads:
=>0x000002887d4d8800 VMThread "VM Thread" [stack: 0x000000f1f0100000,0x000000f1f0200000] [id=11368]
  0x000002887d6ef800 WatcherThread [stack: 0x000000f1f0b00000,0x000000f1f0c00000] [id=6312]
  0x0000028871378800 GCTaskThread "GC Thread#0" [stack: 0x000000f1efc00000,0x000000f1efd00000] [id=22464]
  0x000002887e321800 GCTaskThread "GC Thread#1" [stack: 0x000000f1f0d00000,0x000000f1f0e00000] [id=8300]
  0x000002887e18d800 GCTaskThread "GC Thread#2" [stack: 0x000000f1f0e00000,0x000000f1f0f00000] [id=19464]
  0x000002887e18e000 GCTaskThread "GC Thread#3" [stack: 0x000000f1f0f00000,0x000000f1f1000000] [id=5672]
  0x000002887e18f000 GCTaskThread "GC Thread#4" [stack: 0x000000f1f1000000,0x000000f1f1100000] [id=22348]
  0x000002887e18f800 GCTaskThread "GC Thread#5" [stack: 0x000000f1f1100000,0x000000f1f1200000] [id=22492]
  0x000002880f310800 GCTaskThread "GC Thread#6" [stack: 0x000000f1f1e00000,0x000000f1f1f00000] [id=18520]
  0x000002880f527800 GCTaskThread "GC Thread#7" [stack: 0x000000f1f1f00000,0x000000f1f2000000] [id=16988]
  0x000002887f100000 GCTaskThread "GC Thread#8" [stack: 0x000000f1f2000000,0x000000f1f2100000] [id=15660]
  0x000002880f079800 GCTaskThread "GC Thread#9" [stack: 0x000000f1f2100000,0x000000f1f2200000] [id=23304]
  0x00000288713ac000 ConcurrentGCThread "G1 Main Marker" [stack: 0x000000f1efd00000,0x000000f1efe00000] [id=19532]
  0x00000288713ad000 ConcurrentGCThread "G1 Conc#0" [stack: 0x000000f1efe00000,0x000000f1eff00000] [id=21820]
  0x000002880f34c000 ConcurrentGCThread "G1 Conc#1" [stack: 0x000000f1f2200000,0x000000f1f2300000] [id=21832]
  0x000002880f2f3000 ConcurrentGCThread "G1 Conc#2" [stack: 0x000000f1f2300000,0x000000f1f2400000] [id=16896]
  0x000002887cb23000 ConcurrentGCThread "G1 Refine#0" [stack: 0x000000f1eff00000,0x000000f1f0000000] [id=4692]
  0x0000028810ab9800 ConcurrentGCThread "G1 Refine#1" [stack: 0x000000f1f3800000,0x000000f1f3900000] [id=19308]
  0x000002887cb24000 ConcurrentGCThread "G1 Young RemSet Sampling" [stack: 0x000000f1f0000000,0x000000f1f0100000] [id=836]

Threads with active compile tasks:
C2 CompilerThread0  17097 13038       4       com.android.tools.r8.ir.conversion.N::a (737 bytes)
C1 CompilerThread0  17097 12831       1       com.android.tools.r8.u.b.F0::K0 (2 bytes)
C2 CompilerThread1  17097 12926       4       com.android.tools.r8.ir.conversion.o::a (1157 bytes)
C2 CompilerThread2  17097 12844       4       com.android.tools.r8.u.b.Q0::a (376 bytes)

VM state:at safepoint (normal execution)

VM Mutex/Monitor currently owned by a thread:  ([mutex/lock_event])
[0x000002887135ac80] Threads_lock - owner thread: 0x000002887d4d8800
[0x000002887135b190] Heap_lock - owner thread: 0x00000288120e9800

Heap address: 0x0000000080000000, size: 2048 MB, Compressed Oops mode: 32-bit
Narrow klass base: 0x0000000000000000, Narrow klass shift: 3
Compressed class space size: 1073741824 Address: 0x0000000100000000

Heap:
 garbage-first heap   total 602112K, used 183544K [0x0000000080000000, 0x0000000100000000)
  region size 1024K, 6 young (6144K), 6 survivors (6144K)
 Metaspace       used 91488K, capacity 93707K, committed 98952K, reserved 1134592K
  class space    used 11702K, capacity 12533K, committed 14464K, reserved 1048576K
Heap Regions: E=young(eden), S=young(survivor), O=old, HS=humongous(starts), HC=humongous(continues), CS=collection set, F=free, A=archive, TAMS=top-at-mark-start (previous, next)
|   0|0x0000000080000000, 0x0000000080100000, 0x0000000080100000|100%|HS|  |TAMS 0x0000000080100000, 0x0000000080000000| Complete 
|   1|0x0000000080100000, 0x0000000080200000, 0x0000000080200000|100%|HC|  |TAMS 0x0000000080200000, 0x0000000080100000| Complete 
|   2|0x0000000080200000, 0x0000000080300000, 0x0000000080300000|100%|HS|  |TAMS 0x0000000080300000, 0x0000000080200000| Complete 
|   3|0x0000000080300000, 0x0000000080400000, 0x0000000080400000|100%|HS|  |TAMS 0x0000000080400000, 0x0000000080300000| Complete 
|   4|0x0000000080400000, 0x0000000080500000, 0x0000000080500000|100%|HC|  |TAMS 0x0000000080500000, 0x0000000080400000| Complete 
|   5|0x0000000080500000, 0x0000000080600000, 0x0000000080600000|100%|HC|  |TAMS 0x0000000080600000, 0x0000000080500000| Complete 
|   6|0x0000000080600000, 0x0000000080700000, 0x0000000080700000|100%| O|  |TAMS 0x0000000080700000, 0x0000000080600000| Updating 
|   7|0x0000000080700000, 0x0000000080800000, 0x0000000080800000|100%| O|  |TAMS 0x0000000080800000, 0x0000000080700000| Updating 
|   8|0x0000000080800000, 0x0000000080900000, 0x0000000080900000|100%| O|  |TAMS 0x0000000080900000, 0x0000000080800000| Updating 
|   9|0x0000000080900000, 0x0000000080a00000, 0x0000000080a00000|100%|HS|  |TAMS 0x0000000080a00000, 0x0000000080900000| Complete 
|  10|0x0000000080a00000, 0x0000000080b00000, 0x0000000080b00000|100%|HC|  |TAMS 0x0000000080b00000, 0x0000000080a00000| Complete 
|  11|0x0000000080b00000, 0x0000000080c00000, 0x0000000080c00000|100%|HC|  |TAMS 0x0000000080c00000, 0x0000000080b00000| Complete 
|  12|0x0000000080c00000, 0x0000000080d00000, 0x0000000080d00000|100%|HS|  |TAMS 0x0000000080d00000, 0x0000000080c00000| Complete 
|  13|0x0000000080d00000, 0x0000000080e00000, 0x0000000080e00000|100%|HC|  |TAMS 0x0000000080e00000, 0x0000000080d00000| Complete 
|  14|0x0000000080e00000, 0x0000000080f00000, 0x0000000080f00000|100%|HC|  |TAMS 0x0000000080f00000, 0x0000000080e00000| Complete 
|  15|0x0000000080f00000, 0x0000000081000000, 0x0000000081000000|100%|HC|  |TAMS 0x0000000081000000, 0x0000000080f00000| Complete 
|  16|0x0000000081000000, 0x0000000081100000, 0x0000000081100000|100%|HC|  |TAMS 0x0000000081100000, 0x0000000081000000| Complete 
|  17|0x0000000081100000, 0x0000000081200000, 0x0000000081200000|100%| O|  |TAMS 0x0000000081200000, 0x0000000081100000| Updating 
|  18|0x0000000081200000, 0x0000000081300000, 0x0000000081300000|100%| O|  |TAMS 0x0000000081300000, 0x0000000081200000| Updating 
|  19|0x0000000081300000, 0x0000000081400000, 0x0000000081400000|100%| O|  |TAMS 0x0000000081400000, 0x0000000081300000| Updating 
|  20|0x0000000081400000, 0x0000000081500000, 0x0000000081500000|100%| O|  |TAMS 0x0000000081500000, 0x0000000081400000| Updating 
|  21|0x0000000081500000, 0x0000000081600000, 0x0000000081600000|100%| O|  |TAMS 0x0000000081600000, 0x0000000081500000| Updating 
|  22|0x0000000081600000, 0x0000000081700000, 0x0000000081700000|100%| O|  |TAMS 0x0000000081700000, 0x0000000081600000| Updating 
|  23|0x0000000081700000, 0x0000000081800000, 0x0000000081800000|100%| O|  |TAMS 0x0000000081800000, 0x0000000081700000| Updating 
|  24|0x0000000081800000, 0x0000000081900000, 0x0000000081900000|100%| O|  |TAMS 0x0000000081900000, 0x0000000081800000| Updating 
|  25|0x0000000081900000, 0x0000000081a00000, 0x0000000081a00000|100%| O|  |TAMS 0x0000000081a00000, 0x0000000081900000| Updating 
|  26|0x0000000081a00000, 0x0000000081b00000, 0x0000000081b00000|100%| O|  |TAMS 0x0000000081b00000, 0x0000000081a00000| Updating 
|  27|0x0000000081b00000, 0x0000000081c00000, 0x0000000081c00000|100%|HS|  |TAMS 0x0000000081c00000, 0x0000000081b00000| Complete 
|  28|0x0000000081c00000, 0x0000000081d00000, 0x0000000081d00000|100%|HC|  |TAMS 0x0000000081d00000, 0x0000000081c00000| Complete 
|  29|0x0000000081d00000, 0x0000000081e00000, 0x0000000081e00000|100%|HC|  |TAMS 0x0000000081e00000, 0x0000000081d00000| Complete 
|  30|0x0000000081e00000, 0x0000000081f00000, 0x0000000081f00000|100%| O|  |TAMS 0x0000000081f00000, 0x0000000081e00000| Updating 
|  31|0x0000000081f00000, 0x0000000082000000, 0x0000000082000000|100%| O|  |TAMS 0x0000000082000000, 0x0000000081f00000| Updating 
|  32|0x0000000082000000, 0x0000000082100000, 0x0000000082100000|100%| O|  |TAMS 0x0000000082100000, 0x0000000082000000| Updating 
|  33|0x0000000082100000, 0x0000000082200000, 0x0000000082200000|100%| O|  |TAMS 0x0000000082200000, 0x0000000082100000| Updating 
|  34|0x0000000082200000, 0x0000000082300000, 0x0000000082300000|100%|HS|  |TAMS 0x0000000082300000, 0x0000000082200000| Complete 
|  35|0x0000000082300000, 0x0000000082400000, 0x0000000082400000|100%|HC|  |TAMS 0x0000000082400000, 0x0000000082300000| Complete 
|  36|0x0000000082400000, 0x0000000082500000, 0x0000000082500000|100%|HC|  |TAMS 0x0000000082500000, 0x0000000082400000| Complete 
|  37|0x0000000082500000, 0x0000000082600000, 0x0000000082600000|100%|HS|  |TAMS 0x0000000082600000, 0x0000000082500000| Complete 
|  38|0x0000000082600000, 0x0000000082700000, 0x0000000082700000|100%|HC|  |TAMS 0x0000000082700000, 0x0000000082600000| Complete 
|  39|0x0000000082700000, 0x0000000082800000, 0x0000000082800000|100%| O|  |TAMS 0x0000000082800000, 0x0000000082700000| Updating 
|  40|0x0000000082800000, 0x0000000082900000, 0x0000000082900000|100%| O|  |TAMS 0x0000000082900000, 0x0000000082800000| Updating 
|  41|0x0000000082900000, 0x0000000082a00000, 0x0000000082a00000|100%| O|  |TAMS 0x0000000082a00000, 0x0000000082900000| Updating 
|  42|0x0000000082a00000, 0x0000000082b00000, 0x0000000082b00000|100%| O|  |TAMS 0x0000000082b00000, 0x0000000082a00000| Updating 
|  43|0x0000000082b00000, 0x0000000082c00000, 0x0000000082c00000|100%| O|  |TAMS 0x0000000082c00000, 0x0000000082b00000| Updating 
|  44|0x0000000082c00000, 0x0000000082d00000, 0x0000000082d00000|100%| O|  |TAMS 0x0000000082d00000, 0x0000000082c00000| Updating 
|  45|0x0000000082d00000, 0x0000000082e00000, 0x0000000082e00000|100%| O|  |TAMS 0x0000000082e00000, 0x0000000082d00000| Updating 
|  46|0x0000000082e00000, 0x0000000082f00000, 0x0000000082f00000|100%| O|  |TAMS 0x0000000082f00000, 0x0000000082e00000| Updating 
|  47|0x0000000082f00000, 0x0000000083000000, 0x0000000083000000|100%| O|  |TAMS 0x0000000083000000, 0x0000000082f00000| Updating 
|  48|0x0000000083000000, 0x0000000083100000, 0x0000000083100000|100%| O|  |TAMS 0x0000000083100000, 0x0000000083000000| Updating 
|  49|0x0000000083100000, 0x0000000083200000, 0x0000000083200000|100%| O|  |TAMS 0x0000000083200000, 0x0000000083100000| Updating 
|  50|0x0000000083200000, 0x0000000083300000, 0x0000000083300000|100%| O|  |TAMS 0x0000000083300000, 0x0000000083200000| Updating 
|  51|0x0000000083300000, 0x0000000083400000, 0x0000000083400000|100%| O|  |TAMS 0x0000000083400000, 0x0000000083300000| Updating 
|  52|0x0000000083400000, 0x0000000083500000, 0x0000000083500000|100%| O|  |TAMS 0x0000000083500000, 0x0000000083400000| Updating 
|  53|0x0000000083500000, 0x0000000083600000, 0x0000000083600000|100%| O|  |TAMS 0x0000000083600000, 0x0000000083500000| Updating 
|  54|0x0000000083600000, 0x0000000083700000, 0x0000000083700000|100%| O|  |TAMS 0x0000000083700000, 0x0000000083600000| Updating 
|  55|0x0000000083700000, 0x0000000083800000, 0x0000000083800000|100%| O|  |TAMS 0x0000000083800000, 0x0000000083700000| Updating 
|  56|0x0000000083800000, 0x0000000083900000, 0x0000000083900000|100%| O|  |TAMS 0x0000000083900000, 0x0000000083800000| Updating 
|  57|0x0000000083900000, 0x0000000083a00000, 0x0000000083a00000|100%| O|  |TAMS 0x0000000083a00000, 0x0000000083900000| Updating 
|  58|0x0000000083a00000, 0x0000000083b00000, 0x0000000083b00000|100%| O|  |TAMS 0x0000000083b00000, 0x0000000083a00000| Updating 
|  59|0x0000000083b00000, 0x0000000083c00000, 0x0000000083c00000|100%| O|  |TAMS 0x0000000083c00000, 0x0000000083b00000| Updating 
|  60|0x0000000083c00000, 0x0000000083d00000, 0x0000000083d00000|100%| O|  |TAMS 0x0000000083d00000, 0x0000000083c00000| Updating 
|  61|0x0000000083d00000, 0x0000000083e00000, 0x0000000083e00000|100%| O|  |TAMS 0x0000000083e00000, 0x0000000083d00000| Updating 
|  62|0x0000000083e00000, 0x0000000083f00000, 0x0000000083f00000|100%| O|  |TAMS 0x0000000083f00000, 0x0000000083e00000| Updating 
|  63|0x0000000083f00000, 0x0000000084000000, 0x0000000084000000|100%| O|  |TAMS 0x0000000084000000, 0x0000000083f00000| Updating 
|  64|0x0000000084000000, 0x0000000084100000, 0x0000000084100000|100%| O|  |TAMS 0x0000000084100000, 0x0000000084000000| Updating 
|  65|0x0000000084100000, 0x0000000084200000, 0x0000000084200000|100%| O|  |TAMS 0x0000000084200000, 0x0000000084100000| Updating 
|  66|0x0000000084200000, 0x0000000084300000, 0x0000000084300000|100%| O|  |TAMS 0x0000000084300000, 0x0000000084200000| Updating 
|  67|0x0000000084300000, 0x0000000084400000, 0x0000000084400000|100%| O|  |TAMS 0x0000000084400000, 0x0000000084300000| Updating 
|  68|0x0000000084400000, 0x0000000084500000, 0x0000000084500000|100%| O|  |TAMS 0x0000000084500000, 0x0000000084400000| Updating 
|  69|0x0000000084500000, 0x0000000084600000, 0x0000000084600000|100%| O|  |TAMS 0x0000000084600000, 0x0000000084500000| Updating 
|  70|0x0000000084600000, 0x0000000084700000, 0x0000000084700000|100%| O|  |TAMS 0x0000000084700000, 0x0000000084600000| Updating 
|  71|0x0000000084700000, 0x0000000084800000, 0x0000000084800000|100%| O|  |TAMS 0x0000000084800000, 0x0000000084700000| Updating 
|  72|0x0000000084800000, 0x0000000084900000, 0x0000000084900000|100%| O|  |TAMS 0x0000000084900000, 0x0000000084800000| Updating 
|  73|0x0000000084900000, 0x0000000084a00000, 0x0000000084a00000|100%| O|  |TAMS 0x0000000084a00000, 0x0000000084900000| Updating 
|  74|0x0000000084a00000, 0x0000000084b00000, 0x0000000084b00000|100%| O|  |TAMS 0x0000000084b00000, 0x0000000084a00000| Updating 
|  75|0x0000000084b00000, 0x0000000084c00000, 0x0000000084c00000|100%| O|  |TAMS 0x0000000084c00000, 0x0000000084b00000| Updating 
|  76|0x0000000084c00000, 0x0000000084d00000, 0x0000000084d00000|100%| O|  |TAMS 0x0000000084d00000, 0x0000000084c00000| Updating 
|  77|0x0000000084d00000, 0x0000000084e00000, 0x0000000084e00000|100%| O|  |TAMS 0x0000000084e00000, 0x0000000084d00000| Updating 
|  78|0x0000000084e00000, 0x0000000084f00000, 0x0000000084f00000|100%| O|  |TAMS 0x0000000084f00000, 0x0000000084e00000| Updating 
|  79|0x0000000084f00000, 0x0000000085000000, 0x0000000085000000|100%| O|  |TAMS 0x0000000085000000, 0x0000000084f00000| Updating 
|  80|0x0000000085000000, 0x0000000085100000, 0x0000000085100000|100%| O|  |TAMS 0x0000000085100000, 0x0000000085000000| Updating 
|  81|0x0000000085100000, 0x0000000085200000, 0x0000000085200000|100%| O|  |TAMS 0x0000000085200000, 0x0000000085100000| Updating 
|  82|0x0000000085200000, 0x0000000085300000, 0x0000000085300000|100%| O|  |TAMS 0x0000000085300000, 0x0000000085200000| Updating 
|  83|0x0000000085300000, 0x0000000085400000, 0x0000000085400000|100%| O|  |TAMS 0x0000000085400000, 0x0000000085300000| Updating 
|  84|0x0000000085400000, 0x0000000085500000, 0x0000000085500000|100%| O|  |TAMS 0x0000000085500000, 0x0000000085400000| Updating 
|  85|0x0000000085500000, 0x0000000085600000, 0x0000000085600000|100%| O|  |TAMS 0x0000000085600000, 0x0000000085500000| Updating 
|  86|0x0000000085600000, 0x0000000085700000, 0x0000000085700000|100%| O|  |TAMS 0x0000000085700000, 0x0000000085600000| Updating 
|  87|0x0000000085700000, 0x0000000085800000, 0x0000000085800000|100%| O|  |TAMS 0x0000000085800000, 0x0000000085700000| Updating 
|  88|0x0000000085800000, 0x0000000085900000, 0x0000000085900000|100%| O|  |TAMS 0x0000000085900000, 0x0000000085800000| Updating 
|  89|0x0000000085900000, 0x0000000085a00000, 0x0000000085a00000|100%| O|  |TAMS 0x0000000085a00000, 0x0000000085900000| Updating 
|  90|0x0000000085a00000, 0x0000000085b00000, 0x0000000085b00000|100%| O|  |TAMS 0x0000000085b00000, 0x0000000085a00000| Updating 
|  91|0x0000000085b00000, 0x0000000085c00000, 0x0000000085c00000|100%| O|  |TAMS 0x0000000085c00000, 0x0000000085b00000| Updating 
|  92|0x0000000085c00000, 0x0000000085d00000, 0x0000000085d00000|100%| O|  |TAMS 0x0000000085d00000, 0x0000000085c00000| Updating 
|  93|0x0000000085d00000, 0x0000000085e00000, 0x0000000085e00000|100%| O|  |TAMS 0x0000000085e00000, 0x0000000085d00000| Updating 
|  94|0x0000000085e00000, 0x0000000085f00000, 0x0000000085f00000|100%| O|  |TAMS 0x0000000085f00000, 0x0000000085e00000| Updating 
|  95|0x0000000085f00000, 0x0000000086000000, 0x0000000086000000|100%| O|  |TAMS 0x0000000086000000, 0x0000000085f00000| Updating 
|  96|0x0000000086000000, 0x0000000086100000, 0x0000000086100000|100%| O|  |TAMS 0x0000000086100000, 0x0000000086000000| Updating 
|  97|0x0000000086100000, 0x0000000086200000, 0x0000000086200000|100%| O|  |TAMS 0x0000000086200000, 0x0000000086100000| Updating 
|  98|0x0000000086200000, 0x0000000086300000, 0x0000000086300000|100%| O|  |TAMS 0x0000000086300000, 0x0000000086200000| Updating 
|  99|0x0000000086300000, 0x0000000086400000, 0x0000000086400000|100%| O|  |TAMS 0x0000000086400000, 0x0000000086300000| Updating 
| 100|0x0000000086400000, 0x0000000086500000, 0x0000000086500000|100%| O|  |TAMS 0x0000000086500000, 0x0000000086400000| Updating 
| 101|0x0000000086500000, 0x0000000086600000, 0x0000000086600000|100%| O|  |TAMS 0x0000000086600000, 0x0000000086500000| Updating 
| 102|0x0000000086600000, 0x0000000086700000, 0x0000000086700000|100%| O|  |TAMS 0x0000000086700000, 0x0000000086600000| Updating 
| 103|0x0000000086700000, 0x0000000086800000, 0x0000000086800000|100%| O|  |TAMS 0x0000000086800000, 0x0000000086700000| Updating 
| 104|0x0000000086800000, 0x0000000086900000, 0x0000000086900000|100%| O|  |TAMS 0x0000000086900000, 0x0000000086800000| Updating 
| 105|0x0000000086900000, 0x0000000086a00000, 0x0000000086a00000|100%| O|  |TAMS 0x0000000086a00000, 0x0000000086900000| Updating 
| 106|0x0000000086a00000, 0x0000000086b00000, 0x0000000086b00000|100%| O|  |TAMS 0x0000000086b00000, 0x0000000086a00000| Updating 
| 107|0x0000000086b00000, 0x0000000086c00000, 0x0000000086c00000|100%| O|  |TAMS 0x0000000086c00000, 0x0000000086b00000| Updating 
| 108|0x0000000086c00000, 0x0000000086d00000, 0x0000000086d00000|100%| O|  |TAMS 0x0000000086d00000, 0x0000000086c00000| Updating 
| 109|0x0000000086d00000, 0x0000000086e00000, 0x0000000086e00000|100%| O|  |TAMS 0x0000000086e00000, 0x0000000086d00000| Updating 
| 110|0x0000000086e00000, 0x0000000086f00000, 0x0000000086f00000|100%| O|  |TAMS 0x0000000086f00000, 0x0000000086e00000| Updating 
| 111|0x0000000086f00000, 0x0000000087000000, 0x0000000087000000|100%| O|  |TAMS 0x0000000087000000, 0x0000000086f00000| Updating 
| 112|0x0000000087000000, 0x0000000087100000, 0x0000000087100000|100%| O|  |TAMS 0x0000000087100000, 0x0000000087000000| Updating 
| 113|0x0000000087100000, 0x0000000087200000, 0x0000000087200000|100%| O|  |TAMS 0x0000000087200000, 0x0000000087100000| Updating 
| 114|0x0000000087200000, 0x0000000087300000, 0x0000000087300000|100%| O|  |TAMS 0x0000000087300000, 0x0000000087200000| Updating 
| 115|0x0000000087300000, 0x0000000087400000, 0x0000000087400000|100%| O|  |TAMS 0x0000000087400000, 0x0000000087300000| Updating 
| 116|0x0000000087400000, 0x0000000087500000, 0x0000000087500000|100%| O|  |TAMS 0x0000000087500000, 0x0000000087400000| Updating 
| 117|0x0000000087500000, 0x0000000087600000, 0x0000000087600000|100%| O|  |TAMS 0x0000000087600000, 0x0000000087500000| Updating 
| 118|0x0000000087600000, 0x0000000087700000, 0x0000000087700000|100%| O|  |TAMS 0x0000000087700000, 0x0000000087600000| Updating 
| 119|0x0000000087700000, 0x0000000087800000, 0x0000000087800000|100%| O|  |TAMS 0x0000000087800000, 0x0000000087700000| Updating 
| 120|0x0000000087800000, 0x0000000087900000, 0x0000000087900000|100%| O|  |TAMS 0x0000000087900000, 0x0000000087800000| Updating 
| 121|0x0000000087900000, 0x0000000087a00000, 0x0000000087a00000|100%| O|  |TAMS 0x0000000087a00000, 0x0000000087900000| Updating 
| 122|0x0000000087a00000, 0x0000000087b00000, 0x0000000087b00000|100%| O|  |TAMS 0x0000000087b00000, 0x0000000087a00000| Updating 
| 123|0x0000000087b00000, 0x0000000087c00000, 0x0000000087c00000|100%| O|  |TAMS 0x0000000087c00000, 0x0000000087b00000| Updating 
| 124|0x0000000087c00000, 0x0000000087d00000, 0x0000000087d00000|100%| O|  |TAMS 0x0000000087d00000, 0x0000000087c00000| Updating 
| 125|0x0000000087d00000, 0x0000000087e00000, 0x0000000087e00000|100%| O|  |TAMS 0x0000000087e00000, 0x0000000087d00000| Updating 
| 126|0x0000000087e00000, 0x0000000087f00000, 0x0000000087f00000|100%| O|  |TAMS 0x0000000087f00000, 0x0000000087e00000| Updating 
| 127|0x0000000087f00000, 0x0000000088000000, 0x0000000088000000|100%| O|  |TAMS 0x0000000088000000, 0x0000000087f00000| Updating 
| 128|0x0000000088000000, 0x0000000088100000, 0x0000000088100000|100%| O|  |TAMS 0x0000000088100000, 0x0000000088000000| Updating 
| 129|0x0000000088100000, 0x0000000088200000, 0x0000000088200000|100%| O|  |TAMS 0x0000000088200000, 0x0000000088100000| Updating 
| 130|0x0000000088200000, 0x0000000088300000, 0x0000000088300000|100%| O|  |TAMS 0x0000000088300000, 0x0000000088200000| Updating 
| 131|0x0000000088300000, 0x0000000088400000, 0x0000000088400000|100%| O|  |TAMS 0x0000000088400000, 0x0000000088300000| Updating 
| 132|0x0000000088400000, 0x0000000088500000, 0x0000000088500000|100%| O|  |TAMS 0x0000000088500000, 0x0000000088400000| Updating 
| 133|0x0000000088500000, 0x0000000088600000, 0x0000000088600000|100%| O|  |TAMS 0x0000000088600000, 0x0000000088500000| Updating 
| 134|0x0000000088600000, 0x0000000088700000, 0x0000000088700000|100%| O|  |TAMS 0x0000000088700000, 0x0000000088600000| Updating 
| 135|0x0000000088700000, 0x0000000088800000, 0x0000000088800000|100%| O|  |TAMS 0x0000000088800000, 0x0000000088700000| Updating 
| 136|0x0000000088800000, 0x0000000088900000, 0x0000000088900000|100%|HS|  |TAMS 0x0000000088900000, 0x0000000088800000| Complete 
| 137|0x0000000088900000, 0x0000000088a00000, 0x0000000088a00000|100%| O|  |TAMS 0x0000000088a00000, 0x0000000088900000| Updating 
| 138|0x0000000088a00000, 0x0000000088b00000, 0x0000000088b00000|100%| O|  |TAMS 0x0000000088b00000, 0x0000000088a00000| Updating 
| 139|0x0000000088b00000, 0x0000000088c00000, 0x0000000088c00000|100%| O|  |TAMS 0x0000000088c00000, 0x0000000088b00000| Updating 
| 140|0x0000000088c00000, 0x0000000088d00000, 0x0000000088d00000|100%| O|  |TAMS 0x0000000088d00000, 0x0000000088c00000| Updating 
| 141|0x0000000088d00000, 0x0000000088e00000, 0x0000000088e00000|100%| O|  |TAMS 0x0000000088e00000, 0x0000000088d00000| Updating 
| 142|0x0000000088e00000, 0x0000000088f00000, 0x0000000088f00000|100%| O|  |TAMS 0x0000000088f00000, 0x0000000088e00000| Updating 
| 143|0x0000000088f00000, 0x0000000089000000, 0x0000000089000000|100%| O|  |TAMS 0x0000000089000000, 0x0000000088f00000| Updating 
| 144|0x0000000089000000, 0x0000000089100000, 0x0000000089100000|100%| O|  |TAMS 0x0000000089100000, 0x0000000089000000| Updating 
| 145|0x0000000089100000, 0x0000000089200000, 0x0000000089200000|100%| O|  |TAMS 0x0000000089200000, 0x0000000089100000| Updating 
| 146|0x0000000089200000, 0x0000000089300000, 0x0000000089300000|100%| O|  |TAMS 0x0000000089300000, 0x0000000089200000| Updating 
| 147|0x0000000089300000, 0x0000000089400000, 0x0000000089400000|100%| O|  |TAMS 0x0000000089400000, 0x0000000089300000| Updating 
| 148|0x0000000089400000, 0x0000000089500000, 0x0000000089500000|100%| O|  |TAMS 0x0000000089500000, 0x0000000089400000| Updating 
| 149|0x0000000089500000, 0x0000000089600000, 0x0000000089600000|100%| O|  |TAMS 0x0000000089600000, 0x0000000089500000| Updating 
| 150|0x0000000089600000, 0x0000000089700000, 0x0000000089700000|100%|HS|  |TAMS 0x0000000089700000, 0x0000000089600000| Complete 
| 151|0x0000000089700000, 0x0000000089800000, 0x0000000089800000|100%| O|  |TAMS 0x0000000089800000, 0x0000000089700000| Updating 
| 152|0x0000000089800000, 0x0000000089900000, 0x0000000089900000|100%| O|  |TAMS 0x0000000089900000, 0x0000000089800000| Updating 
| 153|0x0000000089900000, 0x0000000089a00000, 0x0000000089a00000|100%| O|  |TAMS 0x0000000089a00000, 0x0000000089900000| Updating 
| 154|0x0000000089a00000, 0x0000000089b00000, 0x0000000089b00000|100%| O|  |TAMS 0x0000000089b00000, 0x0000000089a00000| Updating 
| 155|0x0000000089b00000, 0x0000000089c00000, 0x0000000089c00000|100%| O|  |TAMS 0x0000000089c00000, 0x0000000089b00000| Updating 
| 156|0x0000000089c00000, 0x0000000089d00000, 0x0000000089d00000|100%| O|  |TAMS 0x0000000089d00000, 0x0000000089c00000| Updating 
| 157|0x0000000089d00000, 0x0000000089e00000, 0x0000000089e00000|100%| O|  |TAMS 0x0000000089e00000, 0x0000000089d00000| Updating 
| 158|0x0000000089e00000, 0x0000000089f00000, 0x0000000089f00000|100%| O|  |TAMS 0x0000000089f00000, 0x0000000089e00000| Updating 
| 159|0x0000000089f00000, 0x000000008a000000, 0x000000008a000000|100%| O|  |TAMS 0x000000008a000000, 0x0000000089f00000| Updating 
| 160|0x000000008a000000, 0x000000008a100000, 0x000000008a100000|100%| O|  |TAMS 0x000000008a100000, 0x000000008a000000| Updating 
| 161|0x000000008a100000, 0x000000008a200000, 0x000000008a200000|100%| O|  |TAMS 0x000000008a200000, 0x000000008a100000| Updating 
| 162|0x000000008a200000, 0x000000008a300000, 0x000000008a300000|100%| O|  |TAMS 0x000000008a300000, 0x000000008a200000| Updating 
| 163|0x000000008a300000, 0x000000008a400000, 0x000000008a400000|100%| O|  |TAMS 0x000000008a400000, 0x000000008a300000| Updating 
| 164|0x000000008a400000, 0x000000008a500000, 0x000000008a500000|100%| O|  |TAMS 0x000000008a500000, 0x000000008a400000| Updating 
| 165|0x000000008a500000, 0x000000008a600000, 0x000000008a600000|100%| O|  |TAMS 0x000000008a600000, 0x000000008a500000| Updating 
| 166|0x000000008a600000, 0x000000008a700000, 0x000000008a700000|100%| O|  |TAMS 0x000000008a691000, 0x000000008a600000| Updating 
| 167|0x000000008a700000, 0x000000008a800000, 0x000000008a800000|100%| O|  |TAMS 0x000000008a700000, 0x000000008a700000| Untracked 
| 168|0x000000008a800000, 0x000000008a900000, 0x000000008a900000|100%| O|  |TAMS 0x000000008a800000, 0x000000008a800000| Untracked 
| 169|0x000000008a900000, 0x000000008aa00000, 0x000000008aa00000|100%| O|  |TAMS 0x000000008a900000, 0x000000008a900000| Untracked 
| 170|0x000000008aa00000, 0x000000008ab00000, 0x000000008ab00000|100%| O|  |TAMS 0x000000008aa00000, 0x000000008aa00000| Untracked 
| 171|0x000000008ab00000, 0x000000008ac00000, 0x000000008ac00000|100%| O|  |TAMS 0x000000008ab00000, 0x000000008ab00000| Untracked 
| 172|0x000000008ac00000, 0x000000008ad00000, 0x000000008ad00000|100%| O|  |TAMS 0x000000008ac00000, 0x000000008ac00000| Untracked 
| 173|0x000000008ad00000, 0x000000008ad68a00, 0x000000008ae00000| 40%| O|  |TAMS 0x000000008ad00000, 0x000000008ad00000| Untracked 
| 174|0x000000008ae00000, 0x000000008ae00000, 0x000000008af00000|  0%| F|  |TAMS 0x000000008ae00000, 0x000000008ae00000| Untracked 
| 175|0x000000008af00000, 0x000000008af00000, 0x000000008b000000|  0%| F|  |TAMS 0x000000008af00000, 0x000000008af00000| Untracked 
| 176|0x000000008b000000, 0x000000008b000000, 0x000000008b100000|  0%| F|  |TAMS 0x000000008b000000, 0x000000008b000000| Untracked 
| 177|0x000000008b100000, 0x000000008b100000, 0x000000008b200000|  0%| F|  |TAMS 0x000000008b100000, 0x000000008b100000| Untracked 
| 178|0x000000008b200000, 0x000000008b200000, 0x000000008b300000|  0%| F|  |TAMS 0x000000008b200000, 0x000000008b200000| Untracked 
| 179|0x000000008b300000, 0x000000008b300000, 0x000000008b400000|  0%| F|  |TAMS 0x000000008b300000, 0x000000008b300000| Untracked 
| 180|0x000000008b400000, 0x000000008b400000, 0x000000008b500000|  0%| F|  |TAMS 0x000000008b400000, 0x000000008b400000| Untracked 
| 181|0x000000008b500000, 0x000000008b500000, 0x000000008b600000|  0%| F|  |TAMS 0x000000008b500000, 0x000000008b500000| Untracked 
| 182|0x000000008b600000, 0x000000008b600000, 0x000000008b700000|  0%| F|  |TAMS 0x000000008b600000, 0x000000008b600000| Untracked 
| 183|0x000000008b700000, 0x000000008b700000, 0x000000008b800000|  0%| F|  |TAMS 0x000000008b700000, 0x000000008b700000| Untracked 
| 184|0x000000008b800000, 0x000000008b800000, 0x000000008b900000|  0%| F|  |TAMS 0x000000008b800000, 0x000000008b800000| Untracked 
| 185|0x000000008b900000, 0x000000008b900000, 0x000000008ba00000|  0%| F|  |TAMS 0x000000008b900000, 0x000000008b900000| Untracked 
| 186|0x000000008ba00000, 0x000000008ba00000, 0x000000008bb00000|  0%| F|  |TAMS 0x000000008ba00000, 0x000000008ba00000| Untracked 
| 187|0x000000008bb00000, 0x000000008bb00000, 0x000000008bc00000|  0%| F|  |TAMS 0x000000008bb00000, 0x000000008bb00000| Untracked 
| 188|0x000000008bc00000, 0x000000008bc00000, 0x000000008bd00000|  0%| F|  |TAMS 0x000000008bc00000, 0x000000008bc00000| Untracked 
| 189|0x000000008bd00000, 0x000000008bd00000, 0x000000008be00000|  0%| F|  |TAMS 0x000000008bd00000, 0x000000008bd00000| Untracked 
| 190|0x000000008be00000, 0x000000008be00000, 0x000000008bf00000|  0%| F|  |TAMS 0x000000008be00000, 0x000000008be00000| Untracked 
| 191|0x000000008bf00000, 0x000000008bf00000, 0x000000008c000000|  0%| F|  |TAMS 0x000000008bf00000, 0x000000008bf00000| Untracked 
| 192|0x000000008c000000, 0x000000008c000000, 0x000000008c100000|  0%| F|  |TAMS 0x000000008c000000, 0x000000008c000000| Untracked 
| 193|0x000000008c100000, 0x000000008c100000, 0x000000008c200000|  0%| F|  |TAMS 0x000000008c100000, 0x000000008c100000| Untracked 
| 194|0x000000008c200000, 0x000000008c200000, 0x000000008c300000|  0%| F|  |TAMS 0x000000008c200000, 0x000000008c200000| Untracked 
| 195|0x000000008c300000, 0x000000008c300000, 0x000000008c400000|  0%| F|  |TAMS 0x000000008c300000, 0x000000008c300000| Untracked 
| 196|0x000000008c400000, 0x000000008c400000, 0x000000008c500000|  0%| F|  |TAMS 0x000000008c400000, 0x000000008c400000| Untracked 
| 197|0x000000008c500000, 0x000000008c500000, 0x000000008c600000|  0%| F|  |TAMS 0x000000008c500000, 0x000000008c500000| Untracked 
| 198|0x000000008c600000, 0x000000008c600000, 0x000000008c700000|  0%| F|  |TAMS 0x000000008c600000, 0x000000008c600000| Untracked 
| 199|0x000000008c700000, 0x000000008c700000, 0x000000008c800000|  0%| F|  |TAMS 0x000000008c700000, 0x000000008c700000| Untracked 
| 200|0x000000008c800000, 0x000000008c800000, 0x000000008c900000|  0%| F|  |TAMS 0x000000008c800000, 0x000000008c800000| Untracked 
| 201|0x000000008c900000, 0x000000008c900000, 0x000000008ca00000|  0%| F|  |TAMS 0x000000008c900000, 0x000000008c900000| Untracked 
| 202|0x000000008ca00000, 0x000000008ca00000, 0x000000008cb00000|  0%| F|  |TAMS 0x000000008ca00000, 0x000000008ca00000| Untracked 
| 203|0x000000008cb00000, 0x000000008cb00000, 0x000000008cc00000|  0%| F|  |TAMS 0x000000008cb00000, 0x000000008cb00000| Untracked 
| 204|0x000000008cc00000, 0x000000008cc00000, 0x000000008cd00000|  0%| F|  |TAMS 0x000000008cc00000, 0x000000008cc00000| Untracked 
| 205|0x000000008cd00000, 0x000000008cd00000, 0x000000008ce00000|  0%| F|  |TAMS 0x000000008cd00000, 0x000000008cd00000| Untracked 
| 206|0x000000008ce00000, 0x000000008ce00000, 0x000000008cf00000|  0%| F|  |TAMS 0x000000008ce00000, 0x000000008ce00000| Untracked 
| 207|0x000000008cf00000, 0x000000008cf00000, 0x000000008d000000|  0%| F|  |TAMS 0x000000008cf00000, 0x000000008cf00000| Untracked 
| 208|0x000000008d000000, 0x000000008d000000, 0x000000008d100000|  0%| F|  |TAMS 0x000000008d000000, 0x000000008d000000| Untracked 
| 209|0x000000008d100000, 0x000000008d100000, 0x000000008d200000|  0%| F|  |TAMS 0x000000008d100000, 0x000000008d100000| Untracked 
| 210|0x000000008d200000, 0x000000008d200000, 0x000000008d300000|  0%| F|  |TAMS 0x000000008d200000, 0x000000008d200000| Untracked 
| 211|0x000000008d300000, 0x000000008d300000, 0x000000008d400000|  0%| F|  |TAMS 0x000000008d300000, 0x000000008d300000| Untracked 
| 212|0x000000008d400000, 0x000000008d400000, 0x000000008d500000|  0%| F|  |TAMS 0x000000008d400000, 0x000000008d400000| Untracked 
| 213|0x000000008d500000, 0x000000008d500000, 0x000000008d600000|  0%| F|  |TAMS 0x000000008d500000, 0x000000008d500000| Untracked 
| 214|0x000000008d600000, 0x000000008d600000, 0x000000008d700000|  0%| F|  |TAMS 0x000000008d600000, 0x000000008d600000| Untracked 
| 215|0x000000008d700000, 0x000000008d700000, 0x000000008d800000|  0%| F|  |TAMS 0x000000008d700000, 0x000000008d700000| Untracked 
| 216|0x000000008d800000, 0x000000008d800000, 0x000000008d900000|  0%| F|  |TAMS 0x000000008d800000, 0x000000008d800000| Untracked 
| 217|0x000000008d900000, 0x000000008d900000, 0x000000008da00000|  0%| F|  |TAMS 0x000000008d900000, 0x000000008d900000| Untracked 
| 218|0x000000008da00000, 0x000000008da00000, 0x000000008db00000|  0%| F|  |TAMS 0x000000008da00000, 0x000000008da00000| Untracked 
| 219|0x000000008db00000, 0x000000008db00000, 0x000000008dc00000|  0%| F|  |TAMS 0x000000008db00000, 0x000000008db00000| Untracked 
| 220|0x000000008dc00000, 0x000000008dc00000, 0x000000008dd00000|  0%| F|  |TAMS 0x000000008dc00000, 0x000000008dc00000| Untracked 
| 221|0x000000008dd00000, 0x000000008dd00000, 0x000000008de00000|  0%| F|  |TAMS 0x000000008dd00000, 0x000000008dd00000| Untracked 
| 222|0x000000008de00000, 0x000000008de00000, 0x000000008df00000|  0%| F|  |TAMS 0x000000008de00000, 0x000000008de00000| Untracked 
| 223|0x000000008df00000, 0x000000008df00000, 0x000000008e000000|  0%| F|  |TAMS 0x000000008df00000, 0x000000008df00000| Untracked 
| 224|0x000000008e000000, 0x000000008e000000, 0x000000008e100000|  0%| F|  |TAMS 0x000000008e000000, 0x000000008e000000| Untracked 
| 225|0x000000008e100000, 0x000000008e1d5620, 0x000000008e200000| 83%| S|CS|TAMS 0x000000008e100000, 0x000000008e100000| Complete 
| 226|0x000000008e200000, 0x000000008e300000, 0x000000008e300000|100%| S|CS|TAMS 0x000000008e200000, 0x000000008e200000| Complete 
| 227|0x000000008e300000, 0x000000008e300000, 0x000000008e400000|  0%| F|  |TAMS 0x000000008e300000, 0x000000008e300000| Untracked 
| 228|0x000000008e400000, 0x000000008e400000, 0x000000008e500000|  0%| F|  |TAMS 0x000000008e400000, 0x000000008e400000| Untracked 
| 229|0x000000008e500000, 0x000000008e500000, 0x000000008e600000|  0%| F|  |TAMS 0x000000008e500000, 0x000000008e500000| Untracked 
| 230|0x000000008e600000, 0x000000008e600000, 0x000000008e700000|  0%| F|  |TAMS 0x000000008e600000, 0x000000008e600000| Untracked 
| 231|0x000000008e700000, 0x000000008e700000, 0x000000008e800000|  0%| F|  |TAMS 0x000000008e700000, 0x000000008e700000| Untracked 
| 232|0x000000008e800000, 0x000000008e800000, 0x000000008e900000|  0%| F|  |TAMS 0x000000008e800000, 0x000000008e800000| Untracked 
| 233|0x000000008e900000, 0x000000008e900000, 0x000000008ea00000|  0%| F|  |TAMS 0x000000008e900000, 0x000000008e900000| Untracked 
| 234|0x000000008ea00000, 0x000000008ea00000, 0x000000008eb00000|  0%| F|  |TAMS 0x000000008ea00000, 0x000000008ea00000| Untracked 
| 235|0x000000008eb00000, 0x000000008eb00000, 0x000000008ec00000|  0%| F|  |TAMS 0x000000008eb00000, 0x000000008eb00000| Untracked 
| 236|0x000000008ec00000, 0x000000008ed00000, 0x000000008ed00000|100%| S|CS|TAMS 0x000000008ec00000, 0x000000008ec00000| Complete 
| 237|0x000000008ed00000, 0x000000008ee00000, 0x000000008ee00000|100%| S|CS|TAMS 0x000000008ed00000, 0x000000008ed00000| Complete 
| 238|0x000000008ee00000, 0x000000008ef00000, 0x000000008ef00000|100%| S|CS|TAMS 0x000000008ee00000, 0x000000008ee00000| Complete 
| 239|0x000000008ef00000, 0x000000008f000000, 0x000000008f000000|100%| S|CS|TAMS 0x000000008ef00000, 0x000000008ef00000| Complete 
| 240|0x000000008f000000, 0x000000008f000000, 0x000000008f100000|  0%| F|  |TAMS 0x000000008f000000, 0x000000008f000000| Untracked 
| 241|0x000000008f100000, 0x000000008f100000, 0x000000008f200000|  0%| F|  |TAMS 0x000000008f100000, 0x000000008f100000| Untracked 
| 242|0x000000008f200000, 0x000000008f200000, 0x000000008f300000|  0%| F|  |TAMS 0x000000008f200000, 0x000000008f200000| Untracked 
| 243|0x000000008f300000, 0x000000008f300000, 0x000000008f400000|  0%| F|  |TAMS 0x000000008f300000, 0x000000008f300000| Untracked 
| 244|0x000000008f400000, 0x000000008f400000, 0x000000008f500000|  0%| F|  |TAMS 0x000000008f400000, 0x000000008f400000| Untracked 
| 245|0x000000008f500000, 0x000000008f500000, 0x000000008f600000|  0%| F|  |TAMS 0x000000008f500000, 0x000000008f500000| Untracked 
| 246|0x000000008f600000, 0x000000008f600000, 0x000000008f700000|  0%| F|  |TAMS 0x000000008f600000, 0x000000008f600000| Untracked 
| 247|0x000000008f700000, 0x000000008f700000, 0x000000008f800000|  0%| F|  |TAMS 0x000000008f700000, 0x000000008f700000| Untracked 
| 248|0x000000008f800000, 0x000000008f800000, 0x000000008f900000|  0%| F|  |TAMS 0x000000008f800000, 0x000000008f800000| Untracked 
| 249|0x000000008f900000, 0x000000008f900000, 0x000000008fa00000|  0%| F|  |TAMS 0x000000008f900000, 0x000000008f900000| Untracked 
| 250|0x000000008fa00000, 0x000000008fa00000, 0x000000008fb00000|  0%| F|  |TAMS 0x000000008fa00000, 0x000000008fa00000| Untracked 
| 251|0x000000008fb00000, 0x000000008fb00000, 0x000000008fc00000|  0%| F|  |TAMS 0x000000008fb00000, 0x000000008fb00000| Untracked 
| 252|0x000000008fc00000, 0x000000008fc00000, 0x000000008fd00000|  0%| F|  |TAMS 0x000000008fc00000, 0x000000008fc00000| Untracked 
| 253|0x000000008fd00000, 0x000000008fd00000, 0x000000008fe00000|  0%| F|  |TAMS 0x000000008fd00000, 0x000000008fd00000| Untracked 
| 254|0x000000008fe00000, 0x000000008fe00000, 0x000000008ff00000|  0%| F|  |TAMS 0x000000008fe00000, 0x000000008fe00000| Untracked 
| 255|0x000000008ff00000, 0x000000008ff00000, 0x0000000090000000|  0%| F|  |TAMS 0x000000008ff00000, 0x000000008ff00000| Untracked 
| 256|0x0000000090000000, 0x0000000090000000, 0x0000000090100000|  0%| F|  |TAMS 0x0000000090000000, 0x0000000090000000| Untracked 
| 257|0x0000000090100000, 0x0000000090100000, 0x0000000090200000|  0%| F|  |TAMS 0x0000000090100000, 0x0000000090100000| Untracked 
| 258|0x0000000090200000, 0x0000000090200000, 0x0000000090300000|  0%| F|  |TAMS 0x0000000090200000, 0x0000000090200000| Untracked 
| 259|0x0000000090300000, 0x0000000090300000, 0x0000000090400000|  0%| F|  |TAMS 0x0000000090300000, 0x0000000090300000| Untracked 
| 260|0x0000000090400000, 0x0000000090400000, 0x0000000090500000|  0%| F|  |TAMS 0x0000000090400000, 0x0000000090400000| Untracked 
| 261|0x0000000090500000, 0x0000000090500000, 0x0000000090600000|  0%| F|  |TAMS 0x0000000090500000, 0x0000000090500000| Untracked 
| 262|0x0000000090600000, 0x0000000090600000, 0x0000000090700000|  0%| F|  |TAMS 0x0000000090600000, 0x0000000090600000| Untracked 
| 263|0x0000000090700000, 0x0000000090700000, 0x0000000090800000|  0%| F|  |TAMS 0x0000000090700000, 0x0000000090700000| Untracked 
| 264|0x0000000090800000, 0x0000000090800000, 0x0000000090900000|  0%| F|  |TAMS 0x0000000090800000, 0x0000000090800000| Untracked 
| 265|0x0000000090900000, 0x0000000090900000, 0x0000000090a00000|  0%| F|  |TAMS 0x0000000090900000, 0x0000000090900000| Untracked 
| 266|0x0000000090a00000, 0x0000000090a00000, 0x0000000090b00000|  0%| F|  |TAMS 0x0000000090a00000, 0x0000000090a00000| Untracked 
| 267|0x0000000090b00000, 0x0000000090b00000, 0x0000000090c00000|  0%| F|  |TAMS 0x0000000090b00000, 0x0000000090b00000| Untracked 
| 268|0x0000000090c00000, 0x0000000090c00000, 0x0000000090d00000|  0%| F|  |TAMS 0x0000000090c00000, 0x0000000090c00000| Untracked 
| 269|0x0000000090d00000, 0x0000000090d00000, 0x0000000090e00000|  0%| F|  |TAMS 0x0000000090d00000, 0x0000000090d00000| Untracked 
| 270|0x0000000090e00000, 0x0000000090e00000, 0x0000000090f00000|  0%| F|  |TAMS 0x0000000090e00000, 0x0000000090e00000| Untracked 
| 271|0x0000000090f00000, 0x0000000090f00000, 0x0000000091000000|  0%| F|  |TAMS 0x0000000090f00000, 0x0000000090f00000| Untracked 
| 272|0x0000000091000000, 0x0000000091000000, 0x0000000091100000|  0%| F|  |TAMS 0x0000000091000000, 0x0000000091000000| Untracked 
| 273|0x0000000091100000, 0x0000000091100000, 0x0000000091200000|  0%| F|  |TAMS 0x0000000091100000, 0x0000000091100000| Untracked 
| 274|0x0000000091200000, 0x0000000091200000, 0x0000000091300000|  0%| F|  |TAMS 0x0000000091200000, 0x0000000091200000| Untracked 
| 275|0x0000000091300000, 0x0000000091300000, 0x0000000091400000|  0%| F|  |TAMS 0x0000000091300000, 0x0000000091300000| Untracked 
| 276|0x0000000091400000, 0x0000000091400000, 0x0000000091500000|  0%| F|  |TAMS 0x0000000091400000, 0x0000000091400000| Untracked 
| 277|0x0000000091500000, 0x0000000091500000, 0x0000000091600000|  0%| F|  |TAMS 0x0000000091500000, 0x0000000091500000| Untracked 
| 278|0x0000000091600000, 0x0000000091600000, 0x0000000091700000|  0%| F|  |TAMS 0x0000000091600000, 0x0000000091600000| Untracked 
| 279|0x0000000091700000, 0x0000000091700000, 0x0000000091800000|  0%| F|  |TAMS 0x0000000091700000, 0x0000000091700000| Untracked 
| 280|0x0000000091800000, 0x0000000091800000, 0x0000000091900000|  0%| F|  |TAMS 0x0000000091800000, 0x0000000091800000| Untracked 
| 281|0x0000000091900000, 0x0000000091900000, 0x0000000091a00000|  0%| F|  |TAMS 0x0000000091900000, 0x0000000091900000| Untracked 
| 282|0x0000000091a00000, 0x0000000091a00000, 0x0000000091b00000|  0%| F|  |TAMS 0x0000000091a00000, 0x0000000091a00000| Untracked 
| 283|0x0000000091b00000, 0x0000000091b00000, 0x0000000091c00000|  0%| F|  |TAMS 0x0000000091b00000, 0x0000000091b00000| Untracked 
| 284|0x0000000091c00000, 0x0000000091c00000, 0x0000000091d00000|  0%| F|  |TAMS 0x0000000091c00000, 0x0000000091c00000| Untracked 
| 285|0x0000000091d00000, 0x0000000091d00000, 0x0000000091e00000|  0%| F|  |TAMS 0x0000000091d00000, 0x0000000091d00000| Untracked 
| 286|0x0000000091e00000, 0x0000000091e00000, 0x0000000091f00000|  0%| F|  |TAMS 0x0000000091e00000, 0x0000000091e00000| Untracked 
| 287|0x0000000091f00000, 0x0000000091f00000, 0x0000000092000000|  0%| F|  |TAMS 0x0000000091f00000, 0x0000000091f00000| Untracked 
| 288|0x0000000092000000, 0x0000000092000000, 0x0000000092100000|  0%| F|  |TAMS 0x0000000092000000, 0x0000000092000000| Untracked 
| 289|0x0000000092100000, 0x0000000092100000, 0x0000000092200000|  0%| F|  |TAMS 0x0000000092100000, 0x0000000092100000| Untracked 
| 290|0x0000000092200000, 0x0000000092200000, 0x0000000092300000|  0%| F|  |TAMS 0x0000000092200000, 0x0000000092200000| Untracked 
| 291|0x0000000092300000, 0x0000000092300000, 0x0000000092400000|  0%| F|  |TAMS 0x0000000092300000, 0x0000000092300000| Untracked 
| 292|0x0000000092400000, 0x0000000092400000, 0x0000000092500000|  0%| F|  |TAMS 0x0000000092400000, 0x0000000092400000| Untracked 
| 293|0x0000000092500000, 0x0000000092500000, 0x0000000092600000|  0%| F|  |TAMS 0x0000000092500000, 0x0000000092500000| Untracked 
| 294|0x0000000092600000, 0x0000000092600000, 0x0000000092700000|  0%| F|  |TAMS 0x0000000092600000, 0x0000000092600000| Untracked 
| 295|0x0000000092700000, 0x0000000092700000, 0x0000000092800000|  0%| F|  |TAMS 0x0000000092700000, 0x0000000092700000| Untracked 
| 296|0x0000000092800000, 0x0000000092800000, 0x0000000092900000|  0%| F|  |TAMS 0x0000000092800000, 0x0000000092800000| Untracked 
| 297|0x0000000092900000, 0x0000000092900000, 0x0000000092a00000|  0%| F|  |TAMS 0x0000000092900000, 0x0000000092900000| Untracked 
| 298|0x0000000092a00000, 0x0000000092a00000, 0x0000000092b00000|  0%| F|  |TAMS 0x0000000092a00000, 0x0000000092a00000| Untracked 
| 299|0x0000000092b00000, 0x0000000092b00000, 0x0000000092c00000|  0%| F|  |TAMS 0x0000000092b00000, 0x0000000092b00000| Untracked 
| 300|0x0000000092c00000, 0x0000000092c00000, 0x0000000092d00000|  0%| F|  |TAMS 0x0000000092c00000, 0x0000000092c00000| Untracked 
| 301|0x0000000092d00000, 0x0000000092d00000, 0x0000000092e00000|  0%| F|  |TAMS 0x0000000092d00000, 0x0000000092d00000| Untracked 
| 302|0x0000000092e00000, 0x0000000092e00000, 0x0000000092f00000|  0%| F|  |TAMS 0x0000000092e00000, 0x0000000092e00000| Untracked 
| 303|0x0000000092f00000, 0x0000000092f00000, 0x0000000093000000|  0%| F|  |TAMS 0x0000000092f00000, 0x0000000092f00000| Untracked 
| 304|0x0000000093000000, 0x0000000093000000, 0x0000000093100000|  0%| F|  |TAMS 0x0000000093000000, 0x0000000093000000| Untracked 
| 305|0x0000000093100000, 0x0000000093100000, 0x0000000093200000|  0%| F|  |TAMS 0x0000000093100000, 0x0000000093100000| Untracked 
| 306|0x0000000093200000, 0x0000000093200000, 0x0000000093300000|  0%| F|  |TAMS 0x0000000093200000, 0x0000000093200000| Untracked 
| 307|0x0000000093300000, 0x0000000093300000, 0x0000000093400000|  0%| F|  |TAMS 0x0000000093300000, 0x0000000093300000| Untracked 
| 308|0x0000000093400000, 0x0000000093400000, 0x0000000093500000|  0%| F|  |TAMS 0x0000000093400000, 0x0000000093400000| Untracked 
| 309|0x0000000093500000, 0x0000000093500000, 0x0000000093600000|  0%| F|  |TAMS 0x0000000093500000, 0x0000000093500000| Untracked 
| 310|0x0000000093600000, 0x0000000093600000, 0x0000000093700000|  0%| F|  |TAMS 0x0000000093600000, 0x0000000093600000| Untracked 
| 311|0x0000000093700000, 0x0000000093700000, 0x0000000093800000|  0%| F|  |TAMS 0x0000000093700000, 0x0000000093700000| Untracked 
| 312|0x0000000093800000, 0x0000000093800000, 0x0000000093900000|  0%| F|  |TAMS 0x0000000093800000, 0x0000000093800000| Untracked 
| 313|0x0000000093900000, 0x0000000093900000, 0x0000000093a00000|  0%| F|  |TAMS 0x0000000093900000, 0x0000000093900000| Untracked 
| 314|0x0000000093a00000, 0x0000000093a00000, 0x0000000093b00000|  0%| F|  |TAMS 0x0000000093a00000, 0x0000000093a00000| Untracked 
| 315|0x0000000093b00000, 0x0000000093b00000, 0x0000000093c00000|  0%| F|  |TAMS 0x0000000093b00000, 0x0000000093b00000| Untracked 
| 316|0x0000000093c00000, 0x0000000093c00000, 0x0000000093d00000|  0%| F|  |TAMS 0x0000000093c00000, 0x0000000093c00000| Untracked 
| 317|0x0000000093d00000, 0x0000000093d00000, 0x0000000093e00000|  0%| F|  |TAMS 0x0000000093d00000, 0x0000000093d00000| Untracked 
| 318|0x0000000093e00000, 0x0000000093e00000, 0x0000000093f00000|  0%| F|  |TAMS 0x0000000093e00000, 0x0000000093e00000| Untracked 
| 319|0x0000000093f00000, 0x0000000093f00000, 0x0000000094000000|  0%| F|  |TAMS 0x0000000093f00000, 0x0000000093f00000| Untracked 
| 320|0x0000000094000000, 0x0000000094000000, 0x0000000094100000|  0%| F|  |TAMS 0x0000000094000000, 0x0000000094000000| Untracked 
| 321|0x0000000094100000, 0x0000000094100000, 0x0000000094200000|  0%| F|  |TAMS 0x0000000094100000, 0x0000000094100000| Untracked 
| 322|0x0000000094200000, 0x0000000094200000, 0x0000000094300000|  0%| F|  |TAMS 0x0000000094200000, 0x0000000094200000| Untracked 
| 323|0x0000000094300000, 0x0000000094300000, 0x0000000094400000|  0%| F|  |TAMS 0x0000000094300000, 0x0000000094300000| Untracked 
| 324|0x0000000094400000, 0x0000000094400000, 0x0000000094500000|  0%| F|  |TAMS 0x0000000094400000, 0x0000000094400000| Untracked 
| 325|0x0000000094500000, 0x0000000094500000, 0x0000000094600000|  0%| F|  |TAMS 0x0000000094500000, 0x0000000094500000| Untracked 
| 326|0x0000000094600000, 0x0000000094600000, 0x0000000094700000|  0%| F|  |TAMS 0x0000000094600000, 0x0000000094600000| Untracked 
| 327|0x0000000094700000, 0x0000000094700000, 0x0000000094800000|  0%| F|  |TAMS 0x0000000094700000, 0x0000000094700000| Untracked 
| 328|0x0000000094800000, 0x0000000094800000, 0x0000000094900000|  0%| F|  |TAMS 0x0000000094800000, 0x0000000094800000| Untracked 
| 329|0x0000000094900000, 0x0000000094900000, 0x0000000094a00000|  0%| F|  |TAMS 0x0000000094900000, 0x0000000094900000| Untracked 
| 330|0x0000000094a00000, 0x0000000094a00000, 0x0000000094b00000|  0%| F|  |TAMS 0x0000000094a00000, 0x0000000094a00000| Untracked 
| 331|0x0000000094b00000, 0x0000000094b00000, 0x0000000094c00000|  0%| F|  |TAMS 0x0000000094b00000, 0x0000000094b00000| Untracked 
| 332|0x0000000094c00000, 0x0000000094c00000, 0x0000000094d00000|  0%| F|  |TAMS 0x0000000094c00000, 0x0000000094c00000| Untracked 
| 333|0x0000000094d00000, 0x0000000094d00000, 0x0000000094e00000|  0%| F|  |TAMS 0x0000000094d00000, 0x0000000094d00000| Untracked 
| 334|0x0000000094e00000, 0x0000000094e00000, 0x0000000094f00000|  0%| F|  |TAMS 0x0000000094e00000, 0x0000000094e00000| Untracked 
| 335|0x0000000094f00000, 0x0000000094f00000, 0x0000000095000000|  0%| F|  |TAMS 0x0000000094f00000, 0x0000000094f00000| Untracked 
| 336|0x0000000095000000, 0x0000000095000000, 0x0000000095100000|  0%| F|  |TAMS 0x0000000095000000, 0x0000000095000000| Untracked 
| 337|0x0000000095100000, 0x0000000095100000, 0x0000000095200000|  0%| F|  |TAMS 0x0000000095100000, 0x0000000095100000| Untracked 
| 338|0x0000000095200000, 0x0000000095200000, 0x0000000095300000|  0%| F|  |TAMS 0x0000000095200000, 0x0000000095200000| Untracked 
| 339|0x0000000095300000, 0x0000000095300000, 0x0000000095400000|  0%| F|  |TAMS 0x0000000095300000, 0x0000000095300000| Untracked 
| 340|0x0000000095400000, 0x0000000095400000, 0x0000000095500000|  0%| F|  |TAMS 0x0000000095400000, 0x0000000095400000| Untracked 
| 341|0x0000000095500000, 0x0000000095500000, 0x0000000095600000|  0%| F|  |TAMS 0x0000000095500000, 0x0000000095500000| Untracked 
| 342|0x0000000095600000, 0x0000000095600000, 0x0000000095700000|  0%| F|  |TAMS 0x0000000095600000, 0x0000000095600000| Untracked 
| 343|0x0000000095700000, 0x0000000095700000, 0x0000000095800000|  0%| F|  |TAMS 0x0000000095700000, 0x0000000095700000| Untracked 
| 344|0x0000000095800000, 0x0000000095800000, 0x0000000095900000|  0%| F|  |TAMS 0x0000000095800000, 0x0000000095800000| Untracked 
| 345|0x0000000095900000, 0x0000000095900000, 0x0000000095a00000|  0%| F|  |TAMS 0x0000000095900000, 0x0000000095900000| Untracked 
| 346|0x0000000095a00000, 0x0000000095a00000, 0x0000000095b00000|  0%| F|  |TAMS 0x0000000095a00000, 0x0000000095a00000| Untracked 
| 347|0x0000000095b00000, 0x0000000095b00000, 0x0000000095c00000|  0%| F|  |TAMS 0x0000000095b00000, 0x0000000095b00000| Untracked 
| 348|0x0000000095c00000, 0x0000000095c00000, 0x0000000095d00000|  0%| F|  |TAMS 0x0000000095c00000, 0x0000000095c00000| Untracked 
| 349|0x0000000095d00000, 0x0000000095d00000, 0x0000000095e00000|  0%| F|  |TAMS 0x0000000095d00000, 0x0000000095d00000| Untracked 
| 350|0x0000000095e00000, 0x0000000095e00000, 0x0000000095f00000|  0%| F|  |TAMS 0x0000000095e00000, 0x0000000095e00000| Untracked 
| 351|0x0000000095f00000, 0x0000000095f00000, 0x0000000096000000|  0%| F|  |TAMS 0x0000000095f00000, 0x0000000095f00000| Untracked 
| 352|0x0000000096000000, 0x0000000096000000, 0x0000000096100000|  0%| F|  |TAMS 0x0000000096000000, 0x0000000096000000| Untracked 
| 353|0x0000000096100000, 0x0000000096100000, 0x0000000096200000|  0%| F|  |TAMS 0x0000000096100000, 0x0000000096100000| Untracked 
| 354|0x0000000096200000, 0x0000000096200000, 0x0000000096300000|  0%| F|  |TAMS 0x0000000096200000, 0x0000000096200000| Untracked 
| 355|0x0000000096300000, 0x0000000096300000, 0x0000000096400000|  0%| F|  |TAMS 0x0000000096300000, 0x0000000096300000| Untracked 
| 356|0x0000000096400000, 0x0000000096400000, 0x0000000096500000|  0%| F|  |TAMS 0x0000000096400000, 0x0000000096400000| Untracked 
| 357|0x0000000096500000, 0x0000000096500000, 0x0000000096600000|  0%| F|  |TAMS 0x0000000096500000, 0x0000000096500000| Untracked 
| 358|0x0000000096600000, 0x0000000096600000, 0x0000000096700000|  0%| F|  |TAMS 0x0000000096600000, 0x0000000096600000| Untracked 
| 359|0x0000000096700000, 0x0000000096700000, 0x0000000096800000|  0%| F|  |TAMS 0x0000000096700000, 0x0000000096700000| Untracked 
| 360|0x0000000096800000, 0x0000000096800000, 0x0000000096900000|  0%| F|  |TAMS 0x0000000096800000, 0x0000000096800000| Untracked 
| 361|0x0000000096900000, 0x0000000096900000, 0x0000000096a00000|  0%| F|  |TAMS 0x0000000096900000, 0x0000000096900000| Untracked 
| 362|0x0000000096a00000, 0x0000000096a00000, 0x0000000096b00000|  0%| F|  |TAMS 0x0000000096a00000, 0x0000000096a00000| Untracked 
| 363|0x0000000096b00000, 0x0000000096b00000, 0x0000000096c00000|  0%| F|  |TAMS 0x0000000096b00000, 0x0000000096b00000| Untracked 
| 364|0x0000000096c00000, 0x0000000096c00000, 0x0000000096d00000|  0%| F|  |TAMS 0x0000000096c00000, 0x0000000096c00000| Untracked 
| 365|0x0000000096d00000, 0x0000000096d00000, 0x0000000096e00000|  0%| F|  |TAMS 0x0000000096d00000, 0x0000000096d00000| Untracked 

Card table byte_map: [0x00000288757d0000,0x0000028875bd0000] _byte_map_base: 0x00000288753d0000

Marking Bits (Prev, Next): (CMBitMap*) 0x00000288713a2ee8, (CMBitMap*) 0x00000288713a2f20
 Prev Bits: [0x0000028875fd0000, 0x0000028877fd0000)
 Next Bits: [0x0000028877fd0000, 0x0000028879fd0000)

Polling page: 0x000002886f0c0000

Metaspace:

Usage:
  Non-class:     79.27 MB capacity,    77.92 MB ( 98%) used,     1.12 MB (  1%) free+waste,   242.81 KB ( <1%) overhead. 
      Class:     12.24 MB capacity,    11.43 MB ( 93%) used,   719.60 KB (  6%) free+waste,   111.31 KB ( <1%) overhead. 
       Both:     91.51 MB capacity,    89.34 MB ( 98%) used,     1.82 MB (  2%) free+waste,   354.13 KB ( <1%) overhead. 

Virtual space:
  Non-class space:       84.00 MB reserved,      82.51 MB ( 98%) committed 
      Class space:        1.00 GB reserved,      14.13 MB (  1%) committed 
             Both:        1.08 GB reserved,      96.63 MB (  9%) committed 

Chunk freelists:
   Non-Class:  3.11 MB
       Class:  1.85 MB
        Both:  4.97 MB

MaxMetaspaceSize: 17179869184.00 GB
CompressedClassSpaceSize: 1.00 GB
Initial GC threshold: 20.80 MB
Current GC threshold: 161.05 MB
CDS: off

CodeHeap 'non-profiled nmethods': size=120000Kb used=7035Kb max_used=7035Kb free=112964Kb
 bounds [0x0000028807ad0000, 0x00000288081b0000, 0x000002880f000000]
CodeHeap 'profiled nmethods': size=120000Kb used=28352Kb max_used=28352Kb free=91647Kb
 bounds [0x00000288005a0000, 0x0000028802160000, 0x0000028807ad0000]
CodeHeap 'non-nmethods': size=5760Kb used=2374Kb max_used=2439Kb free=3385Kb
 bounds [0x0000028800000000, 0x0000028800270000, 0x00000288005a0000]
 total_blobs=12966 nmethods=12072 adapters=805
 compilation: enabled
              stopped_count=0, restarted_count=0
 full_count=0

Compilation events (20 events):
Event: 17.062 Thread 0x000002887d54a000 nmethod 13138 0x000002880214d610 code [0x000002880214d7c0, 0x000002880214d8f8]
Event: 17.062 Thread 0x000002887d54a000 13049       2       com.android.tools.r8.ir.conversion.O::a (21 bytes)
Event: 17.063 Thread 0x000002887d54a000 nmethod 13049 0x000002880214da10 code [0x000002880214dbe0, 0x000002880214e058]
Event: 17.063 Thread 0x000002887d54a000 13060       2       com.android.tools.r8.u.b.U0::b (92 bytes)
Event: 17.064 Thread 0x000002887d54a000 nmethod 13060 0x000002880214e290 code [0x000002880214e500, 0x000002880214eab8]
Event: 17.064 Thread 0x000002887d54a000 13048       2       com.android.tools.r8.ir.optimize.info.r::c (9 bytes)
Event: 17.064 Thread 0x000002887d54a000 nmethod 13048 0x000002880214ee10 code [0x000002880214efc0, 0x000002880214f0f8]
Event: 17.064 Thread 0x000002887d54a000 13065       2       com.android.tools.r8.s.a.a.b.Q::toArray (54 bytes)
Event: 17.065 Thread 0x000002887d54a000 nmethod 13065 0x000002880214f190 code [0x000002880214f380, 0x000002880214f638]
Event: 17.065 Thread 0x000002887d54a000 13157       2       com.android.tools.r8.u.b.r0::<init> (8 bytes)
Event: 17.065 Thread 0x000002887d54a000 nmethod 13157 0x000002880214f810 code [0x000002880214f9c0, 0x000002880214fb48]
Event: 17.065 Thread 0x000002887d54a000 12827       1       com.android.tools.r8.ir.conversion.o::a (4 bytes)
Event: 17.066 Thread 0x000002887d54a000 nmethod 12827 0x00000288081ae590 code [0x00000288081ae740, 0x00000288081ae7f8]
Event: 17.066 Thread 0x000002887d54a000 12828       1       com.android.tools.r8.u.b.F0::B2 (3 bytes)
Event: 17.066 Thread 0x000002887d54a000 nmethod 12828 0x00000288081ae890 code [0x00000288081aea40, 0x00000288081aeaf8]
Event: 17.066 Thread 0x000002887d54a000 13161       2       com.android.tools.r8.u.b.m1$a::<init> (23 bytes)
Event: 17.066 Thread 0x000002887d54a000 nmethod 13161 0x000002880214fc10 code [0x000002880214fdc0, 0x000002880214ffd8]
Event: 17.066 Thread 0x000002887d54a000 12839       1       com.android.tools.r8.s.a.a.b.x::a (5 bytes)
Event: 17.066 Thread 0x000002887d54a000 nmethod 12839 0x00000288081aeb90 code [0x00000288081aed40, 0x00000288081aedf8]
Event: 17.066 Thread 0x000002887d54a000 12831       1       com.android.tools.r8.u.b.F0::K0 (2 bytes)

GC Heap History (20 events):
Event: 15.521 GC heap after
{Heap after GC invocations=26 (full 0):
 garbage-first heap   total 260096K, used 140722K [0x0000000080000000, 0x0000000100000000)
  region size 1024K, 8 young (8192K), 8 survivors (8192K)
 Metaspace       used 90793K, capacity 93018K, committed 98440K, reserved 1134592K
  class space    used 11652K, capacity 12502K, committed 14464K, reserved 1048576K
}
Event: 15.684 GC heap before
{Heap before GC invocations=26 (full 0):
 garbage-first heap   total 260096K, used 217522K [0x0000000080000000, 0x0000000100000000)
  region size 1024K, 83 young (84992K), 8 survivors (8192K)
 Metaspace       used 90800K, capacity 93027K, committed 98440K, reserved 1134592K
  class space    used 11654K, capacity 12504K, committed 14464K, reserved 1048576K
}
Event: 15.691 GC heap after
{Heap after GC invocations=27 (full 0):
 garbage-first heap   total 260096K, used 140336K [0x0000000080000000, 0x0000000100000000)
  region size 1024K, 3 young (3072K), 3 survivors (3072K)
 Metaspace       used 90800K, capacity 93027K, committed 98440K, reserved 1134592K
  class space    used 11654K, capacity 12504K, committed 14464K, reserved 1048576K
}
Event: 15.798 GC heap before
{Heap before GC invocations=28 (full 0):
 garbage-first heap   total 260096K, used 218160K [0x0000000080000000, 0x0000000100000000)
  region size 1024K, 79 young (80896K), 3 survivors (3072K)
 Metaspace       used 90801K, capacity 93027K, committed 98440K, reserved 1134592K
  class space    used 11654K, capacity 12504K, committed 14464K, reserved 1048576K
}
Event: 15.804 GC heap after
{Heap after GC invocations=29 (full 0):
 garbage-first heap   total 312320K, used 140975K [0x0000000080000000, 0x0000000100000000)
  region size 1024K, 3 young (3072K), 3 survivors (3072K)
 Metaspace       used 90801K, capacity 93027K, committed 98440K, reserved 1134592K
  class space    used 11654K, capacity 12504K, committed 14464K, reserved 1048576K
}
Event: 15.979 GC heap before
{Heap before GC invocations=29 (full 0):
 garbage-first heap   total 312320K, used 251567K [0x0000000080000000, 0x0000000100000000)
  region size 1024K, 112 young (114688K), 3 survivors (3072K)
 Metaspace       used 90921K, capacity 93161K, committed 98440K, reserved 1134592K
  class space    used 11666K, capacity 12506K, committed 14464K, reserved 1048576K
}
Event: 15.983 GC heap after
{Heap after GC invocations=30 (full 0):
 garbage-first heap   total 312320K, used 142377K [0x0000000080000000, 0x0000000100000000)
  region size 1024K, 5 young (5120K), 5 survivors (5120K)
 Metaspace       used 90921K, capacity 93161K, committed 98440K, reserved 1134592K
  class space    used 11666K, capacity 12506K, committed 14464K, reserved 1048576K
}
Event: 16.133 GC heap before
{Heap before GC invocations=30 (full 0):
 garbage-first heap   total 312320K, used 255017K [0x0000000080000000, 0x0000000100000000)
  region size 1024K, 116 young (118784K), 5 survivors (5120K)
 Metaspace       used 91070K, capacity 93299K, committed 98440K, reserved 1134592K
  class space    used 11693K, capacity 12530K, committed 14464K, reserved 1048576K
}
Event: 16.138 GC heap after
{Heap after GC invocations=31 (full 0):
 garbage-first heap   total 312320K, used 148114K [0x0000000080000000, 0x0000000100000000)
  region size 1024K, 10 young (10240K), 10 survivors (10240K)
 Metaspace       used 91070K, capacity 93299K, committed 98440K, reserved 1134592K
  class space    used 11693K, capacity 12530K, committed 14464K, reserved 1048576K
}
Event: 16.254 GC heap before
{Heap before GC invocations=31 (full 0):
 garbage-first heap   total 312320K, used 258706K [0x0000000080000000, 0x0000000100000000)
  region size 1024K, 117 young (119808K), 10 survivors (10240K)
 Metaspace       used 91100K, capacity 93302K, committed 98440K, reserved 1134592K
  class space    used 11693K, capacity 12530K, committed 14464K, reserved 1048576K
}
Event: 16.261 GC heap after
{Heap after GC invocations=32 (full 0):
 garbage-first heap   total 312320K, used 154567K [0x0000000080000000, 0x0000000100000000)
  region size 1024K, 13 young (13312K), 13 survivors (13312K)
 Metaspace       used 91100K, capacity 93302K, committed 98440K, reserved 1134592K
  class space    used 11693K, capacity 12530K, committed 14464K, reserved 1048576K
}
Event: 16.374 GC heap before
{Heap before GC invocations=32 (full 0):
 garbage-first heap   total 312320K, used 256967K [0x0000000080000000, 0x0000000100000000)
  region size 1024K, 114 young (116736K), 13 survivors (13312K)
 Metaspace       used 91224K, capacity 93440K, committed 98696K, reserved 1134592K
  class space    used 11701K, capacity 12532K, committed 14464K, reserved 1048576K
}
Event: 16.386 GC heap after
{Heap after GC invocations=33 (full 0):
 garbage-first heap   total 374784K, used 159653K [0x0000000080000000, 0x0000000100000000)
  region size 1024K, 10 young (10240K), 10 survivors (10240K)
 Metaspace       used 91224K, capacity 93440K, committed 98696K, reserved 1134592K
  class space    used 11701K, capacity 12532K, committed 14464K, reserved 1048576K
}
Event: 16.597 GC heap before
{Heap before GC invocations=34 (full 0):
 garbage-first heap   total 374784K, used 296869K [0x0000000080000000, 0x0000000100000000)
  region size 1024K, 140 young (143360K), 10 survivors (10240K)
 Metaspace       used 91283K, capacity 93506K, committed 98696K, reserved 1134592K
  class space    used 11701K, capacity 12532K, committed 14464K, reserved 1048576K
}
Event: 16.609 GC heap after
{Heap after GC invocations=35 (full 0):
 garbage-first heap   total 374784K, used 171744K [0x0000000080000000, 0x0000000100000000)
  region size 1024K, 18 young (18432K), 18 survivors (18432K)
 Metaspace       used 91283K, capacity 93506K, committed 98696K, reserved 1134592K
  class space    used 11701K, capacity 12532K, committed 14464K, reserved 1048576K
}
Event: 16.723 GC heap before
{Heap before GC invocations=35 (full 0):
 garbage-first heap   total 374784K, used 298720K [0x0000000080000000, 0x0000000100000000)
  region size 1024K, 143 young (146432K), 18 survivors (18432K)
 Metaspace       used 91299K, capacity 93506K, committed 98696K, reserved 1134592K
  class space    used 11701K, capacity 12532K, committed 14464K, reserved 1048576K
}
Event: 16.737 GC heap after
{Heap after GC invocations=36 (full 0):
 garbage-first heap   total 374784K, used 179780K [0x0000000080000000, 0x0000000100000000)
  region size 1024K, 9 young (9216K), 9 survivors (9216K)
 Metaspace       used 91299K, capacity 93506K, committed 98696K, reserved 1134592K
  class space    used 11701K, capacity 12532K, committed 14464K, reserved 1048576K
}
Event: 16.854 GC heap before
{Heap before GC invocations=36 (full 0):
 garbage-first heap   total 374784K, used 304708K [0x0000000080000000, 0x0000000100000000)
  region size 1024K, 131 young (134144K), 9 survivors (9216K)
 Metaspace       used 91364K, capacity 93570K, committed 98696K, reserved 1134592K
  class space    used 11701K, capacity 12532K, committed 14464K, reserved 1048576K
}
Event: 16.864 GC heap after
{Heap after GC invocations=37 (full 0):
 garbage-first heap   total 374784K, used 182583K [0x0000000080000000, 0x0000000100000000)
  region size 1024K, 12 young (12288K), 12 survivors (12288K)
 Metaspace       used 91364K, capacity 93570K, committed 98696K, reserved 1134592K
  class space    used 11701K, capacity 12532K, committed 14464K, reserved 1048576K
}
Event: 17.067 GC heap before
{Heap before GC invocations=37 (full 0):
 garbage-first heap   total 374784K, used 308535K [0x0000000080000000, 0x0000000100000000)
  region size 1024K, 135 young (138240K), 12 survivors (12288K)
 Metaspace       used 91488K, capacity 93707K, committed 98952K, reserved 1134592K
  class space    used 11702K, capacity 12533K, committed 14464K, reserved 1048576K
}

Deoptimization events (20 events):
Event: 16.830 Thread 0x000002880fb6b800 DEOPT PACKING pc=0x0000028801f52215 sp=0x000000f1f46fa8c0
Event: 16.830 Thread 0x000002880fb6b800 DEOPT UNPACKING pc=0x000002880004a95e sp=0x000000f1f46f9db0 mode 0
Event: 16.845 Thread 0x000002880fb6b800 DEOPT PACKING pc=0x0000028801ac1978 sp=0x000000f1f46f9b60
Event: 16.845 Thread 0x000002880fb6b800 DEOPT UNPACKING pc=0x000002880004a95e sp=0x000000f1f46f90b8 mode 0
Event: 16.846 Thread 0x000002880fb6a000 DEOPT PACKING pc=0x0000028801b61c16 sp=0x000000f1f41fa140
Event: 16.846 Thread 0x000002880fb6a000 DEOPT UNPACKING pc=0x000002880004a95e sp=0x000000f1f41f9770 mode 0
Event: 16.894 Thread 0x000002880fb66800 DEOPT PACKING pc=0x0000028801b61a6b sp=0x000000f1f44f9f70
Event: 16.894 Thread 0x000002880fb66800 DEOPT UNPACKING pc=0x000002880004a95e sp=0x000000f1f44f95a0 mode 0
Event: 16.917 Thread 0x00000288120e9800 DEOPT PACKING pc=0x0000028801fd675f sp=0x000000f1f3dfa0c0
Event: 16.917 Thread 0x00000288120e9800 DEOPT UNPACKING pc=0x000002880004a95e sp=0x000000f1f3df9658 mode 0
Event: 16.941 Thread 0x00000288120ed800 DEOPT PACKING pc=0x0000028801b61a6b sp=0x000000f1f3cfa600
Event: 16.942 Thread 0x00000288120ed800 DEOPT UNPACKING pc=0x000002880004a95e sp=0x000000f1f3cf9c30 mode 0
Event: 16.998 Thread 0x000002880fb64800 DEOPT PACKING pc=0x0000028801b61a6b sp=0x000000f1f43fa130
Event: 16.998 Thread 0x000002880fb64800 DEOPT UNPACKING pc=0x000002880004a95e sp=0x000000f1f43f9760 mode 0
Event: 17.035 Thread 0x000002880fb66800 Uncommon trap: trap_request=0xffffff4d fr.pc=0x00000288081ac148 relative=0x0000000000001d08
Event: 17.035 Thread 0x000002880fb66800 Uncommon trap: reason=unstable_if action=reinterpret pc=0x00000288081ac148 method=com.android.tools.r8.ir.conversion.o.d(I)Lcom/android/tools/r8/u/b/S0; @ 3 c2
Event: 17.035 Thread 0x000002880fb66800 DEOPT PACKING pc=0x00000288081ac148 sp=0x000000f1f44f9c20
Event: 17.035 Thread 0x000002880fb66800 DEOPT UNPACKING pc=0x000002880004a1af sp=0x000000f1f44f9c28 mode 2
Event: 17.047 Thread 0x000002880fb65000 DEOPT PACKING pc=0x0000028801ac1978 sp=0x000000f1f3ef94a0
Event: 17.047 Thread 0x000002880fb65000 DEOPT UNPACKING pc=0x000002880004a95e sp=0x000000f1f3ef89f8 mode 0

Classes redefined (0 events):
No events

Internal exceptions (20 events):
Event: 15.779 Thread 0x000002880fb64800 Exception <a 'sun/nio/fs/WindowsException'{0x000000008c02ae58}> (0x000000008c02ae58) thrown at [./src/hotspot/share/prims/jni.cpp, line 616]
Event: 15.839 Thread 0x00000288120e9800 Exception <a 'sun/nio/fs/WindowsException'{0x0000000091ec6998}> (0x0000000091ec6998) thrown at [./src/hotspot/share/prims/jni.cpp, line 616]
Event: 15.854 Thread 0x00000288120e9800 Exception <a 'sun/nio/fs/WindowsException'{0x000000009149ed80}> (0x000000009149ed80) thrown at [./src/hotspot/share/prims/jni.cpp, line 616]
Event: 15.865 Thread 0x00000288120e9800 Exception <a 'sun/nio/fs/WindowsException'{0x0000000090d5fef8}> (0x0000000090d5fef8) thrown at [./src/hotspot/share/prims/jni.cpp, line 616]
Event: 15.890 Thread 0x00000288120e9800 Exception <a 'sun/nio/fs/WindowsException'{0x000000008ff3e950}> (0x000000008ff3e950) thrown at [./src/hotspot/share/prims/jni.cpp, line 616]
Event: 15.894 Thread 0x000002880fb64800 Exception <a 'sun/nio/fs/WindowsException'{0x000000008ffe69a0}> (0x000000008ffe69a0) thrown at [./src/hotspot/share/prims/jni.cpp, line 616]
Event: 15.914 Thread 0x000002880fb64800 Exception <a 'sun/nio/fs/WindowsException'{0x000000008efa1620}> (0x000000008efa1620) thrown at [./src/hotspot/share/prims/jni.cpp, line 616]
Event: 16.010 Thread 0x000002880fb6a000 Exception <a 'sun/nio/fs/WindowsException'{0x000000009245bef8}> (0x000000009245bef8) thrown at [./src/hotspot/share/prims/jni.cpp, line 616]
Event: 16.024 Thread 0x00000288120e9800 Exception <a 'sun/nio/fs/WindowsException'{0x0000000091886098}> (0x0000000091886098) thrown at [./src/hotspot/share/prims/jni.cpp, line 616]
Event: 16.027 Thread 0x00000288120ed800 Exception <a 'sun/nio/fs/WindowsException'{0x0000000091364018}> (0x0000000091364018) thrown at [./src/hotspot/share/prims/jni.cpp, line 616]
Event: 16.040 Thread 0x00000288120e9800 Exception <a 'sun/nio/fs/WindowsException'{0x0000000090a04f30}> (0x0000000090a04f30) thrown at [./src/hotspot/share/prims/jni.cpp, line 616]
Event: 16.064 Thread 0x000002880fb64800 Exception <a 'sun/nio/fs/WindowsException'{0x000000008fb02498}> (0x000000008fb02498) thrown at [./src/hotspot/share/prims/jni.cpp, line 616]
Event: 16.088 Thread 0x00000288120ed800 Exception <a 'sun/nio/fs/WindowsException'{0x000000008eac0bd8}> (0x000000008eac0bd8) thrown at [./src/hotspot/share/prims/jni.cpp, line 616]
Event: 16.109 Thread 0x00000288120ed800 Exception <a 'sun/nio/fs/WindowsException'{0x000000008dad2c40}> (0x000000008dad2c40) thrown at [./src/hotspot/share/prims/jni.cpp, line 616]
Event: 16.132 Thread 0x00000288120ed800 Exception <a 'sun/nio/fs/WindowsException'{0x000000008c40da20}> (0x000000008c40da20) thrown at [./src/hotspot/share/prims/jni.cpp, line 616]
Event: 16.179 Thread 0x00000288120ed800 Exception <a 'sun/nio/fs/WindowsException'{0x00000000909bc5b0}> (0x00000000909bc5b0) thrown at [./src/hotspot/share/prims/jni.cpp, line 616]
Event: 16.303 Thread 0x000002880fb6a000 Exception <a 'sun/nio/fs/WindowsException'{0x0000000090e652e0}> (0x0000000090e652e0) thrown at [./src/hotspot/share/prims/jni.cpp, line 616]
Event: 16.334 Thread 0x000002880fb64800 Exception <a 'sun/nio/fs/WindowsException'{0x000000008f2f4f70}> (0x000000008f2f4f70) thrown at [./src/hotspot/share/prims/jni.cpp, line 616]
Event: 16.404 Thread 0x00000288120e9800 Exception <a 'sun/nio/fs/WindowsException'{0x0000000096c05e00}> (0x0000000096c05e00) thrown at [./src/hotspot/share/prims/jni.cpp, line 616]
Event: 16.472 Thread 0x00000288120e9800 Exception <a 'sun/nio/fs/WindowsException'{0x0000000093bed4e0}> (0x0000000093bed4e0) thrown at [./src/hotspot/share/prims/jni.cpp, line 616]

Events (20 events):
Event: 16.386 Executing VM operation: G1CollectForAllocation done
Event: 16.513 Executing VM operation: CGC_Operation
Event: 16.528 Executing VM operation: CGC_Operation done
Event: 16.591 Executing VM operation: CGC_Operation
Event: 16.592 Executing VM operation: CGC_Operation done
Event: 16.597 Executing VM operation: G1CollectForAllocation
Event: 16.609 Executing VM operation: G1CollectForAllocation done
Event: 16.722 Executing VM operation: G1CollectForAllocation
Event: 16.737 Executing VM operation: G1CollectForAllocation done
Event: 16.854 Executing VM operation: G1CollectForAllocation
Event: 16.864 Executing VM operation: G1CollectForAllocation done
Event: 16.961 loading class com/android/tools/r8/u/b/h0
Event: 16.961 loading class com/android/tools/r8/u/b/h0 done
Event: 16.961 loading class com/android/tools/r8/u/b/h0
Event: 16.961 loading class com/android/tools/r8/u/b/h0 done
Event: 16.961 loading class com/android/tools/r8/u/b/h0
Event: 16.961 loading class com/android/tools/r8/u/b/h0 done
Event: 17.014 Executing VM operation: CGC_Operation
Event: 17.030 Executing VM operation: CGC_Operation done
Event: 17.066 Executing VM operation: G1CollectForAllocation


Dynamic libraries:
0x00007ff6a1330000 - 0x00007ff6a133a000 	E:\Android\Android Studio\jre\bin\java.exe
0x00007fff3e8f0000 - 0x00007fff3eae8000 	C:\WINDOWS\SYSTEM32\ntdll.dll
0x00007fff3ccf0000 - 0x00007fff3cdaf000 	C:\WINDOWS\System32\KERNEL32.DLL
0x00007fff3c540000 - 0x00007fff3c812000 	C:\WINDOWS\System32\KERNELBASE.dll
0x00007fff3c1d0000 - 0x00007fff3c2d0000 	C:\WINDOWS\System32\ucrtbase.dll
0x00007fff32830000 - 0x00007fff32849000 	E:\Android\Android Studio\jre\bin\jli.dll
0x00007fff32850000 - 0x00007fff32867000 	E:\Android\Android Studio\jre\bin\VCRUNTIME140.dll
0x00007fff3d7f0000 - 0x00007fff3d991000 	C:\WINDOWS\System32\USER32.dll
0x00007fff3c510000 - 0x00007fff3c532000 	C:\WINDOWS\System32\win32u.dll
0x00007fff28590000 - 0x00007fff2882a000 	C:\WINDOWS\WinSxS\amd64_microsoft.windows.common-controls_6595b64144ccf1df_6.0.19041.1110_none_60b5254171f9507e\COMCTL32.dll
0x00007fff3d630000 - 0x00007fff3d65b000 	C:\WINDOWS\System32\GDI32.dll
0x00007fff3e040000 - 0x00007fff3e0de000 	C:\WINDOWS\System32\msvcrt.dll
0x00007fff3c820000 - 0x00007fff3c92f000 	C:\WINDOWS\System32\gdi32full.dll
0x00007fff3c0c0000 - 0x00007fff3c15d000 	C:\WINDOWS\System32\msvcp_win.dll
0x00007fff3caa0000 - 0x00007fff3cad2000 	C:\WINDOWS\System32\IMM32.DLL
0x00007ffefdc70000 - 0x00007ffefdd0d000 	E:\Android\Android Studio\jre\bin\msvcp140.dll
0x00007ffef2810000 - 0x00007ffef3312000 	E:\Android\Android Studio\jre\bin\server\jvm.dll
0x00007fff3de00000 - 0x00007fff3deae000 	C:\WINDOWS\System32\ADVAPI32.dll
0x00007fff3c930000 - 0x00007fff3c9cc000 	C:\WINDOWS\System32\sechost.dll
0x00007fff3deb0000 - 0x00007fff3dfd5000 	C:\WINDOWS\System32\RPCRT4.dll
0x00007fff3d700000 - 0x00007fff3d708000 	C:\WINDOWS\System32\PSAPI.DLL
0x00007fff34dd0000 - 0x00007fff34dda000 	C:\WINDOWS\SYSTEM32\VERSION.dll
0x00007fff2a650000 - 0x00007fff2a677000 	C:\WINDOWS\SYSTEM32\WINMM.dll
0x00007fff25fb0000 - 0x00007fff25fb9000 	C:\WINDOWS\SYSTEM32\WSOCK32.dll
0x00007fff3cc70000 - 0x00007fff3ccdb000 	C:\WINDOWS\System32\WS2_32.dll
0x00007fff39e60000 - 0x00007fff39e72000 	C:\WINDOWS\SYSTEM32\kernel.appcore.dll
0x00007fff32c10000 - 0x00007fff32c21000 	E:\Android\Android Studio\jre\bin\verify.dll
0x00007fff2cc60000 - 0x00007fff2ce44000 	C:\WINDOWS\SYSTEM32\DBGHELP.DLL
0x00007fff2cc20000 - 0x00007fff2cc55000 	C:\WINDOWS\SYSTEM32\dbgcore.DLL
0x00007fff3c2d0000 - 0x00007fff3c352000 	C:\WINDOWS\System32\bcryptPrimitives.dll
0x00007fff32be0000 - 0x00007fff32c09000 	E:\Android\Android Studio\jre\bin\java.dll
0x00007fff371c0000 - 0x00007fff371cb000 	E:\Android\Android Studio\jre\bin\jimage.dll
0x00007fff32bc0000 - 0x00007fff32bd8000 	E:\Android\Android Studio\jre\bin\zip.dll
0x00007fff3cdb0000 - 0x00007fff3d4f4000 	C:\WINDOWS\System32\SHELL32.dll
0x00007fff3a060000 - 0x00007fff3a7f2000 	C:\WINDOWS\SYSTEM32\windows.storage.dll
0x00007fff3e550000 - 0x00007fff3e8a5000 	C:\WINDOWS\System32\combase.dll
0x00007fff3b960000 - 0x00007fff3b990000 	C:\WINDOWS\SYSTEM32\Wldp.dll
0x00007fff3cae0000 - 0x00007fff3cb8d000 	C:\WINDOWS\System32\SHCORE.dll
0x00007fff3d790000 - 0x00007fff3d7e5000 	C:\WINDOWS\System32\shlwapi.dll
0x00007fff3bf20000 - 0x00007fff3bf3f000 	C:\WINDOWS\SYSTEM32\profapi.dll
0x00007fff37b80000 - 0x00007fff37b9a000 	E:\Android\Android Studio\jre\bin\net.dll
0x00007fff33a90000 - 0x00007fff33b9c000 	C:\WINDOWS\SYSTEM32\WINHTTP.dll
0x00007fff3b6d0000 - 0x00007fff3b73a000 	C:\WINDOWS\system32\mswsock.dll
0x00007fff37200000 - 0x00007fff37214000 	E:\Android\Android Studio\jre\bin\nio.dll
0x00007fff26800000 - 0x00007fff26826000 	C:\Users\attil\.gradle\native\31\windows-amd64\native-platform.dll
0x00007fff371f0000 - 0x00007fff371fa000 	E:\Android\Android Studio\jre\bin\management.dll
0x00007fff371e0000 - 0x00007fff371ed000 	E:\Android\Android Studio\jre\bin\management_ext.dll
0x00007fff3b9a0000 - 0x00007fff3b9b8000 	C:\WINDOWS\SYSTEM32\CRYPTSP.dll
0x00007fff3afa0000 - 0x00007fff3afd4000 	C:\WINDOWS\system32\rsaenh.dll
0x00007fff3bfe0000 - 0x00007fff3c007000 	C:\WINDOWS\System32\bcrypt.dll
0x00007fff3bea0000 - 0x00007fff3bece000 	C:\WINDOWS\SYSTEM32\USERENV.dll
0x00007fff3b860000 - 0x00007fff3b86c000 	C:\WINDOWS\SYSTEM32\CRYPTBASE.dll
0x00007fff3b3e0000 - 0x00007fff3b41b000 	C:\WINDOWS\SYSTEM32\IPHLPAPI.DLL
0x00007fff3cce0000 - 0x00007fff3cce8000 	C:\WINDOWS\System32\NSI.dll
0x00007fff34780000 - 0x00007fff34797000 	C:\WINDOWS\SYSTEM32\dhcpcsvc6.DLL
0x00007fff348e0000 - 0x00007fff348fd000 	C:\WINDOWS\SYSTEM32\dhcpcsvc.DLL
0x00007fff3b420000 - 0x00007fff3b4ea000 	C:\WINDOWS\SYSTEM32\DNSAPI.dll

dbghelp: loaded successfully - version: 4.0.5 - missing functions: none
symbol engine: initialized successfully - sym options: 0x614 - pdb path: .;E:\Android\Android Studio\jre\bin;C:\WINDOWS\SYSTEM32;C:\WINDOWS\WinSxS\amd64_microsoft.windows.common-controls_6595b64144ccf1df_6.0.19041.1110_none_60b5254171f9507e;E:\Android\Android Studio\jre\bin\server;C:\Users\attil\.gradle\native\31\windows-amd64

VM Arguments:
jvm_args: --add-opens=java.base/java.util=ALL-UNNAMED --add-opens=java.base/java.lang=ALL-UNNAMED --add-opens=java.base/java.lang.invoke=ALL-UNNAMED --add-opens=java.prefs/java.util.prefs=ALL-UNNAMED -Xmx2048m -Dfile.encoding=windows-1252 -Duser.country=US -Duser.language=en -Duser.variant 
java_command: org.gradle.launcher.daemon.bootstrap.GradleDaemon 6.1.1
java_class_path (initial): C:\Users\attil\.gradle\wrapper\dists\gradle-6.1.1-all\cfmwm155h49vnt3hynmlrsdst\gradle-6.1.1\lib\gradle-launcher-6.1.1.jar
Launcher Type: SUN_STANDARD

[Global flags]
     intx CICompilerCount                          = 4                                         {product} {ergonomic}
     uint ConcGCThreads                            = 3                                         {product} {ergonomic}
     uint G1ConcRefinementThreads                  = 10                                        {product} {ergonomic}
   size_t G1HeapRegionSize                         = 1048576                                   {product} {ergonomic}
    uintx GCDrainStackTargetSize                   = 64                                        {product} {ergonomic}
   size_t InitialHeapSize                          = 266338304                                 {product} {ergonomic}
   size_t MarkStackSize                            = 4194304                                   {product} {ergonomic}
   size_t MaxHeapSize                              = 2147483648                                {product} {command line}
   size_t MaxNewSize                               = 1287651328                                {product} {ergonomic}
   size_t MinHeapDeltaBytes                        = 1048576                                   {product} {ergonomic}
    uintx NonNMethodCodeHeapSize                   = 5836300                                {pd product} {ergonomic}
    uintx NonProfiledCodeHeapSize                  = 122910970                              {pd product} {ergonomic}
    uintx ProfiledCodeHeapSize                     = 122910970                              {pd product} {ergonomic}
    uintx ReservedCodeCacheSize                    = 251658240                              {pd product} {ergonomic}
     bool SegmentedCodeCache                       = true                                      {product} {ergonomic}
     bool UseCompressedClassPointers               = true                                 {lp64_product} {ergonomic}
     bool UseCompressedOops                        = true                                 {lp64_product} {ergonomic}
     bool UseG1GC                                  = true                                      {product} {ergonomic}
     bool UseLargePagesIndividualAllocation        = false                                  {pd product} {ergonomic}

Logging:
Log output configuration:
 #0: stdout all=warning uptime,level,tags
 #1: stderr all=off uptime,level,tags

Environment Variables:
JAVA_HOME=C:\Program Files\Java\jdk1.8.0_291
PATH=C:\Program Files (x86)\Common Files\Intel\Shared Libraries\redist\intel64\compiler;C:\Program Files (x86)\VMware\VMware Player\bin\;C:\Program Files (x86)\Measurement Computing\DAQ\;C:\ProgramData\Oracle\Java\javapath;C:\Program Files\Java\jdk1.8.0_291;C:\Python39\Scripts\;C:\Python39\;C:\Program Files (x86)\Common Files\Oracle\Java\javapath;C:\WINDOWS\system32;C:\WINDOWS;C:\WINDOWS\System32\Wbem;C:\WINDOWS\System32\WindowsPowerShell\v1.0\;C:\WINDOWS\System32\OpenSSH\;C:\Program Files\dotnet\;C:\Program Files\MATLAB\R2020b\bin;C:\ProgramData\chocolatey\bin;C:\Program Files\NVIDIA Corporation\NVIDIA NvDLISR;C:\Program Files (x86)\NVIDIA Corporation\PhysX\Common;C:\Program Files\nodejs\;C:\gradle-6.8.2\bin;C:\Program Files (x86)\Brackets\command;C:\Program Files\Git\cmd;;C:\Program Files\Docker\Docker\resources\bin;C:\ProgramData\DockerDesktop\version-bin;C:\Program Files\PuTTY\;C:\xampp\php;C:\ProgramData\ComposerSetup\bin;C:\Users\attil\AppData\Local\Microsoft\WindowsApps;C:\Program Files\JetBrains\CLion 2020.3.2\bin;C:\Users\attil\.dotnet\tools;C:\Users\attil\AppData\Roaming\cabal\bin;C:\ProgramData\chocolatey\lib\ghc\tools\ghc-8.10.4\bin;C:\tools\msys64;C:\Program Files\CodeBlocks\MinGW\bin;C:\Users\attil\AppData\Roaming\npm;C:\Users\attil\AppData\Local\GitHubDesktop\bin;C:\gradle-7.1.1\bin;C:\Users\attil\AppData\Local\atom\bin;C:\Program Files\JetBrains\PyCharm Community Edition 2021.3.3\bin;;C:\Program Files\JetBrains\WebStorm 2022.2.2\bin;;C:\Program Files\JetBrains\PhpStorm 2022.2.2\bin;;C:\Users\attil\IntelliJ IDEA Community Edition 2022.2.2\bin;;C:\Users\attil\AppData\Local\Programs\Microsoft VS Code\bin;C:\Users\attil\AppData\Roaming\Composer\vendor\bin
USERNAME=attil
OS=Windows_NT
PROCESSOR_IDENTIFIER=Intel64 Family 6 Model 158 Stepping 10, GenuineIntel



---------------  S Y S T E M  ---------------

OS: Windows 10 , 64 bit Build 19041 (10.0.19041.2364)
OS uptime: 0 days 10:40 hours
Hyper-V role detected

CPU:total 12 (initial active 12) (6 cores per cpu, 2 threads per core) family 6 model 158 stepping 10 microcode 0xb4, cmov, cx8, fxsr, mmx, sse, sse2, sse3, ssse3, sse4.1, sse4.2, popcnt, avx, avx2, aes, clmul, erms, 3dnowpref, lzcnt, ht, tsc, tscinvbit, bmi1, bmi2, adx, fma

Memory: 4k page, system-wide physical 16222M (2999M free)
TotalPageFile size 18270M (AvailPageFile size 151M)
current process WorkingSet (physical memory assigned to process): 727M, peak: 728M
current process commit charge ("private bytes"): 800M, peak: 1020M

vm_info: OpenJDK 64-Bit Server VM (11.0.13+0-b1751.21-8125866) for windows-amd64 JRE (11.0.13+0-b1751.21-8125866), built on Feb  2 2022 03:00:22 by "builder" with MS VC++ 14.0 (VS2015)

END.
